In file included from main.cpp:7:
lib.h:1414:48: error: template constraint failure for ‘template<class Ring, char variable_name>  requires  IsRing<Ring> struct aerobus::polynomial’
 1414 |         using FPQ32 = FractionField<polynomial<Q32>>;
      |                                                ^~~
lib.h:1414:48: note: constraints not satisfied
In file included from main.cpp:7:
lib.h: In substitution of ‘template<class Ring, char variable_name>  requires  IsRing<Ring> struct aerobus::polynomial [with Ring = aerobus::internal::_FractionField<aerobus::i32, void>; char variable_name = 'x']’:
lib.h:1414:41:   required from here
lib.h:44:10:   required for the satisfaction of ‘IsRing<Ring>’ [with Ring = aerobus::internal::_FractionField<aerobus::i32, void>]
lib.h:44:19:   in requirements with ‘R <anonymous>’ [with R = aerobus::internal::_FractionField<aerobus::i32, void>]
lib.h:45:26: note: the required type ‘typename R::add_t’ is invalid
   45 |                 typename R::add_t;
      |                 ~~~~~~~~~^~~~~~~~~
cc1plus: note: set ‘-fconcepts-diagnostics-depth=’ to at least 2 for more detail
In file included from main.cpp:7:
lib.h:1414:51: error: template argument 1 is invalid
 1414 |         using FPQ32 = FractionField<polynomial<Q32>>;
      |                                                   ^~
lib.h:1416:48: error: template constraint failure for ‘template<class Ring, char variable_name>  requires  IsRing<Ring> struct aerobus::polynomial’
 1416 |         using FPQ64 = FractionField<polynomial<Q64>>;
      |                                                ^~~
lib.h:1416:48: note: constraints not satisfied
In file included from main.cpp:7:
lib.h: In substitution of ‘template<class Ring, char variable_name>  requires  IsRing<Ring> struct aerobus::polynomial [with Ring = aerobus::internal::_FractionField<aerobus::i64, void>; char variable_name = 'x']’:
lib.h:1416:41:   required from here
lib.h:44:10:   required for the satisfaction of ‘IsRing<Ring>’ [with Ring = aerobus::internal::_FractionField<aerobus::i64, void>]
lib.h:44:19:   in requirements with ‘R <anonymous>’ [with R = aerobus::internal::_FractionField<aerobus::i64, void>]
lib.h:45:26: note: the required type ‘typename R::add_t’ is invalid
   45 |                 typename R::add_t;
      |                 ~~~~~~~~~^~~~~~~~~
In file included from main.cpp:7:
lib.h:1416:51: error: template argument 1 is invalid
 1416 |         using FPQ64 = FractionField<polynomial<Q64>>;
      |                                                   ^~
main.cpp: In function ‘int test_poly_simplify()’:
main.cpp:29:37: error: template constraint failure for ‘template<class Ring, char variable_name>  requires  IsRing<Ring> struct aerobus::polynomial’
   29 |         using poly1 = polynomial<i32>::val<i32::val<0>, i32::val<1>, i32::val<2>>;
      |                                     ^
main.cpp:29:37: note: constraints not satisfied
In file included from main.cpp:7:
lib.h: In substitution of ‘template<class Ring, char variable_name>  requires  IsRing<Ring> struct aerobus::polynomial [with Ring = aerobus::i32; char variable_name = 'x']’:
main.cpp:29:30:   required from here
lib.h:44:10:   required for the satisfaction of ‘IsRing<Ring>’ [with Ring = aerobus::i32]
lib.h:44:19:   in requirements with ‘R <anonymous>’ [with R = aerobus::i32]
lib.h:45:26: note: the required type ‘typename R::add_t’ is invalid
   45 |                 typename R::add_t;
      |                 ~~~~~~~~~^~~~~~~~~
main.cpp:30:43: error: template constraint failure for ‘template<class Ring, char variable_name>  requires  IsRing<Ring> struct aerobus::polynomial’
   30 |         using simplified1 = polynomial<i32>::simplify_t<poly1>;
      |                                           ^
main.cpp:30:43: note: constraints not satisfied
In file included from main.cpp:7:
lib.h: In substitution of ‘template<class Ring, char variable_name>  requires  IsRing<Ring> struct aerobus::polynomial [with Ring = aerobus::i32; char variable_name = 'x']’:
main.cpp:30:36:   required from here
lib.h:44:10:   required for the satisfaction of ‘IsRing<Ring>’ [with Ring = aerobus::i32]
lib.h:44:19:   in requirements with ‘R <anonymous>’ [with R = aerobus::i32]
lib.h:45:26: note: the required type ‘typename R::add_t’ is invalid
   45 |                 typename R::add_t;
      |                 ~~~~~~~~~^~~~~~~~~
main.cpp:30:57: error: ‘poly1’ was not declared in this scope
   30 |         using simplified1 = polynomial<i32>::simplify_t<poly1>;
      |                                                         ^~~~~
main.cpp:31:41: error: template constraint failure for ‘template<class Ring, char variable_name>  requires  IsRing<Ring> struct aerobus::polynomial’
   31 |         using expected1 = polynomial<i32>::val<i32::val<1>, i32::val<2>>;
      |                                         ^
main.cpp:31:41: note: constraints not satisfied
In file included from main.cpp:7:
lib.h: In substitution of ‘template<class Ring, char variable_name>  requires  IsRing<Ring> struct aerobus::polynomial [with Ring = aerobus::i32; char variable_name = 'x']’:
main.cpp:31:34:   required from here
lib.h:44:10:   required for the satisfaction of ‘IsRing<Ring>’ [with Ring = aerobus::i32]
lib.h:44:19:   in requirements with ‘R <anonymous>’ [with R = aerobus::i32]
lib.h:45:26: note: the required type ‘typename R::add_t’ is invalid
   45 |                 typename R::add_t;
      |                 ~~~~~~~~~^~~~~~~~~
main.cpp:32:27: error: ‘expected1’ was not declared in this scope
   32 |         if (!std::is_same<expected1, simplified1>::value) {
      |                           ^~~~~~~~~
main.cpp:32:38: error: ‘simplified1’ was not declared in this scope
   32 |         if (!std::is_same<expected1, simplified1>::value) {
      |                                      ^~~~~~~~~~~
main.cpp:32:49: error: template argument 1 is invalid
   32 |         if (!std::is_same<expected1, simplified1>::value) {
      |                                                 ^
main.cpp:32:49: error: template argument 2 is invalid
main.cpp:36:37: error: template constraint failure for ‘template<class Ring, char variable_name>  requires  IsRing<Ring> struct aerobus::polynomial’
   36 |         using poly2 = polynomial<i32>::val<i32::val<12>>;
      |                                     ^
main.cpp:36:37: note: constraints not satisfied
In file included from main.cpp:7:
lib.h: In substitution of ‘template<class Ring, char variable_name>  requires  IsRing<Ring> struct aerobus::polynomial [with Ring = aerobus::i32; char variable_name = 'x']’:
main.cpp:36:30:   required from here
lib.h:44:10:   required for the satisfaction of ‘IsRing<Ring>’ [with Ring = aerobus::i32]
lib.h:44:19:   in requirements with ‘R <anonymous>’ [with R = aerobus::i32]
lib.h:45:26: note: the required type ‘typename R::add_t’ is invalid
   45 |                 typename R::add_t;
      |                 ~~~~~~~~~^~~~~~~~~
main.cpp:37:43: error: template constraint failure for ‘template<class Ring, char variable_name>  requires  IsRing<Ring> struct aerobus::polynomial’
   37 |         using simplified2 = polynomial<i32>::simplify_t<poly2>;
      |                                           ^
main.cpp:37:43: note: constraints not satisfied
In file included from main.cpp:7:
lib.h: In substitution of ‘template<class Ring, char variable_name>  requires  IsRing<Ring> struct aerobus::polynomial [with Ring = aerobus::i32; char variable_name = 'x']’:
main.cpp:37:36:   required from here
lib.h:44:10:   required for the satisfaction of ‘IsRing<Ring>’ [with Ring = aerobus::i32]
lib.h:44:19:   in requirements with ‘R <anonymous>’ [with R = aerobus::i32]
lib.h:45:26: note: the required type ‘typename R::add_t’ is invalid
   45 |                 typename R::add_t;
      |                 ~~~~~~~~~^~~~~~~~~
main.cpp:37:57: error: ‘poly2’ was not declared in this scope
   37 |         using simplified2 = polynomial<i32>::simplify_t<poly2>;
      |                                                         ^~~~~
main.cpp:38:34: error: ‘simplified2’ was not declared in this scope
   38 |         if (!std::is_same<poly2, simplified2>::value) {
      |                                  ^~~~~~~~~~~
main.cpp:38:45: error: template argument 2 is invalid
   38 |         if (!std::is_same<poly2, simplified2>::value) {
      |                                             ^
main.cpp: In function ‘int test_poly_eval()’:
main.cpp:47:36: error: template constraint failure for ‘template<class Ring, char variable_name>  requires  IsRing<Ring> struct aerobus::polynomial’
   47 |         using poly = polynomial<i32>::val<i32::val<3>, i32::val<2>, i32::val<1>>;
      |                                    ^
main.cpp:47:36: note: constraints not satisfied
In file included from main.cpp:7:
lib.h: In substitution of ‘template<class Ring, char variable_name>  requires  IsRing<Ring> struct aerobus::polynomial [with Ring = aerobus::i32; char variable_name = 'x']’:
main.cpp:47:29:   required from here
lib.h:44:10:   required for the satisfaction of ‘IsRing<Ring>’ [with Ring = aerobus::i32]
lib.h:44:19:   in requirements with ‘R <anonymous>’ [with R = aerobus::i32]
lib.h:45:26: note: the required type ‘typename R::add_t’ is invalid
   45 |                 typename R::add_t;
      |                 ~~~~~~~~~^~~~~~~~~
main.cpp:48:27: error: ‘poly’ has not been declared
   48 |         constexpr int v = poly::eval(1);
      |                           ^~~~
main.cpp:52:30: error: ‘poly’ has not been declared
   52 |         constexpr float vv = poly::eval(1.0f);
      |                              ^~~~
main.cpp:58:37: error: template constraint failure for ‘template<class Ring, char variable_name>  requires  IsRing<Ring> struct aerobus::polynomial’
   58 |         using polyf = polynomial<Q32>::val<Q32::val<i32::val<3>, i32::val<2>>, Q32::val<i32::val<1>, i32::val<2>>>;
      |                                     ^
main.cpp:58:37: note: constraints not satisfied
In file included from main.cpp:7:
lib.h: In substitution of ‘template<class Ring, char variable_name>  requires  IsRing<Ring> struct aerobus::polynomial [with Ring = aerobus::internal::_FractionField<aerobus::i32, void>; char variable_name = 'x']’:
main.cpp:58:30:   required from here
lib.h:44:10:   required for the satisfaction of ‘IsRing<Ring>’ [with Ring = aerobus::internal::_FractionField<aerobus::i32, void>]
lib.h:44:19:   in requirements with ‘R <anonymous>’ [with R = aerobus::internal::_FractionField<aerobus::i32, void>]
lib.h:45:26: note: the required type ‘typename R::add_t’ is invalid
   45 |                 typename R::add_t;
      |                 ~~~~~~~~~^~~~~~~~~
main.cpp:59:31: error: ‘polyf’ has not been declared
   59 |         constexpr float vvv = polyf::eval(1.0f);
      |                               ^~~~~
main.cpp:63:33: error: ‘polyf’ has not been declared
   63 |         constexpr double vvvv = polyf::eval(-1.0);
      |                                 ^~~~~
main.cpp: In function ‘int test_fraction_field_eval()’:
main.cpp:84:37: error: template constraint failure for ‘template<class Ring, char variable_name>  requires  IsRing<Ring> struct aerobus::polynomial’
   84 |         using polyA = polynomial<Q32>::val<half, thirdhalf>;
      |                                     ^
main.cpp:84:37: note: constraints not satisfied
In file included from main.cpp:7:
lib.h: In substitution of ‘template<class Ring, char variable_name>  requires  IsRing<Ring> struct aerobus::polynomial [with Ring = aerobus::internal::_FractionField<aerobus::i32, void>; char variable_name = 'x']’:
main.cpp:84:30:   required from here
lib.h:44:10:   required for the satisfaction of ‘IsRing<Ring>’ [with Ring = aerobus::internal::_FractionField<aerobus::i32, void>]
lib.h:44:19:   in requirements with ‘R <anonymous>’ [with R = aerobus::internal::_FractionField<aerobus::i32, void>]
lib.h:45:26: note: the required type ‘typename R::add_t’ is invalid
   45 |                 typename R::add_t;
      |                 ~~~~~~~~~^~~~~~~~~
main.cpp:85:29: error: ‘polyA’ has not been declared
   85 |         constexpr float a = polyA::eval(2.0f);
      |                             ^~~~~
main.cpp:90:37: error: template constraint failure for ‘template<class Ring, char variable_name>  requires  IsRing<Ring> struct aerobus::polynomial’
   90 |         using polyB = polynomial<Q32>::val<Q32::one, half>;
      |                                     ^
main.cpp:90:37: note: constraints not satisfied
In file included from main.cpp:7:
lib.h: In substitution of ‘template<class Ring, char variable_name>  requires  IsRing<Ring> struct aerobus::polynomial [with Ring = aerobus::internal::_FractionField<aerobus::i32, void>; char variable_name = 'x']’:
main.cpp:90:30:   required from here
lib.h:44:10:   required for the satisfaction of ‘IsRing<Ring>’ [with Ring = aerobus::internal::_FractionField<aerobus::i32, void>]
lib.h:44:19:   in requirements with ‘R <anonymous>’ [with R = aerobus::internal::_FractionField<aerobus::i32, void>]
lib.h:45:26: note: the required type ‘typename R::add_t’ is invalid
   45 |                 typename R::add_t;
      |                 ~~~~~~~~~^~~~~~~~~
main.cpp:91:19: error: ‘FPQ32’ does not name a type
   91 |         using F = FPQ32::val<polyA, polyB>;
      |                   ^~~~~
main.cpp:92:29: error: ‘F’ has not been declared
   92 |         constexpr float z = F::eval(2.0f);
      |                             ^
main.cpp:96:30: error: ‘F’ has not been declared
   96 |         constexpr float zz = F::eval(-1.0f);
      |                              ^
main.cpp: In function ‘int test_coeff_at()’:
main.cpp:107:36: error: template constraint failure for ‘template<class Ring, char variable_name>  requires  IsRing<Ring> struct aerobus::polynomial’
  107 |         using poly = polynomial<i32>::val<i32::val<3>, i32::val<2>, i32::val<1>>;
      |                                    ^
main.cpp:107:36: note: constraints not satisfied
In file included from main.cpp:7:
lib.h: In substitution of ‘template<class Ring, char variable_name>  requires  IsRing<Ring> struct aerobus::polynomial [with Ring = aerobus::i32; char variable_name = 'x']’:
main.cpp:107:29:   required from here
lib.h:44:10:   required for the satisfaction of ‘IsRing<Ring>’ [with Ring = aerobus::i32]
lib.h:44:19:   in requirements with ‘R <anonymous>’ [with R = aerobus::i32]
lib.h:45:26: note: the required type ‘typename R::add_t’ is invalid
   45 |                 typename R::add_t;
      |                 ~~~~~~~~~^~~~~~~~~
main.cpp:108:21: error: ‘poly’ does not name a type
  108 |         using at0 = poly::coeff_at_t<0>;
      |                     ^~~~
main.cpp:109:21: error: ‘poly’ does not name a type
  109 |         using at1 = poly::coeff_at_t<1>;
      |                     ^~~~
main.cpp:110:21: error: ‘poly’ does not name a type
  110 |         using at2 = poly::coeff_at_t<2>;
      |                     ^~~~
main.cpp:111:21: error: ‘poly’ does not name a type
  111 |         using at3 = poly::coeff_at_t<3>;
      |                     ^~~~
main.cpp:113:26: error: ‘at0’ was not declared in this scope
  113 |         if(!std::is_same<at0, i32::val<1>>::value) {
      |                          ^~~
main.cpp:113:41: error: template argument 1 is invalid
  113 |         if(!std::is_same<at0, i32::val<1>>::value) {
      |                                         ^~
main.cpp:117:27: error: ‘at1’ was not declared in this scope
  117 |         if (!std::is_same<at1, i32::val<2>>::value) {
      |                           ^~~
main.cpp:117:42: error: template argument 1 is invalid
  117 |         if (!std::is_same<at1, i32::val<2>>::value) {
      |                                          ^~
main.cpp:121:27: error: ‘at2’ was not declared in this scope
  121 |         if (!std::is_same<at2, i32::val<3>>::value) {
      |                           ^~~
main.cpp:121:42: error: template argument 1 is invalid
  121 |         if (!std::is_same<at2, i32::val<3>>::value) {
      |                                          ^~
main.cpp:125:27: error: ‘at3’ was not declared in this scope
  125 |         if (!std::is_same<at3, i32::val<0>>::value) {
      |                           ^~~
main.cpp:125:42: error: template argument 1 is invalid
  125 |         if (!std::is_same<at3, i32::val<0>>::value) {
      |                                          ^~
main.cpp: At global scope:
main.cpp:133:26: error: template constraint failure for ‘template<class Ring, char variable_name>  requires  IsRing<Ring> struct aerobus::polynomial’
  133 | using IX = polynomial<i32>::val<coeffs...>;
      |                          ^
main.cpp:133:26: note: constraints not satisfied
In file included from main.cpp:7:
lib.h: In substitution of ‘template<class Ring, char variable_name>  requires  IsRing<Ring> struct aerobus::polynomial [with Ring = aerobus::i32; char variable_name = 'x']’:
main.cpp:133:26:   required from here
lib.h:44:10:   required for the satisfaction of ‘IsRing<Ring>’ [with Ring = aerobus::i32]
lib.h:44:19:   in requirements with ‘R <anonymous>’ [with R = aerobus::i32]
lib.h:45:26: note: the required type ‘typename R::add_t’ is invalid
   45 |                 typename R::add_t;
      |                 ~~~~~~~~~^~~~~~~~~
main.cpp:138:30: error: template constraint failure for ‘template<class Ring, char variable_name>  requires  IsRing<Ring> struct aerobus::polynomial’
  138 | using add_ix = polynomial<i32>::add_t< P1, P2>;
      |                              ^
main.cpp:138:30: note: constraints not satisfied
In file included from main.cpp:7:
lib.h: In substitution of ‘template<class Ring, char variable_name>  requires  IsRing<Ring> struct aerobus::polynomial [with Ring = aerobus::i32; char variable_name = 'x']’:
main.cpp:138:30:   required from here
lib.h:44:10:   required for the satisfaction of ‘IsRing<Ring>’ [with Ring = aerobus::i32]
lib.h:44:19:   in requirements with ‘R <anonymous>’ [with R = aerobus::i32]
lib.h:45:26: note: the required type ‘typename R::add_t’ is invalid
   45 |                 typename R::add_t;
      |                 ~~~~~~~~~^~~~~~~~~
main.cpp:140:30: error: template constraint failure for ‘template<class Ring, char variable_name>  requires  IsRing<Ring> struct aerobus::polynomial’
  140 | using sub_ix = polynomial<i32>::sub_t<P1, P2>;
      |                              ^
main.cpp:140:30: note: constraints not satisfied
In file included from main.cpp:7:
lib.h: In substitution of ‘template<class Ring, char variable_name>  requires  IsRing<Ring> struct aerobus::polynomial [with Ring = aerobus::i32; char variable_name = 'x']’:
main.cpp:140:30:   required from here
lib.h:44:10:   required for the satisfaction of ‘IsRing<Ring>’ [with Ring = aerobus::i32]
lib.h:44:19:   in requirements with ‘R <anonymous>’ [with R = aerobus::i32]
lib.h:45:26: note: the required type ‘typename R::add_t’ is invalid
   45 |                 typename R::add_t;
      |                 ~~~~~~~~~^~~~~~~~~
main.cpp: In function ‘int test_poly_add()’:
main.cpp:145:28: error: ‘IX’ does not name a type
  145 |                 using P1 = IX<Int<1>, Int<1>>;
      |                            ^~
main.cpp:147:28: error: ‘IX’ does not name a type
  147 |                 using P2 = IX<Int<1>, Int<1>, Int<1>>;
      |                            ^~
main.cpp:149:41: error: template constraint failure for ‘template<class Ring, char variable_name>  requires  IsRing<Ring> struct aerobus::polynomial’
  149 |                 using A = polynomial<i32>::add_t<P1, P2>;
      |                                         ^
main.cpp:149:41: note: constraints not satisfied
In file included from main.cpp:7:
lib.h: In substitution of ‘template<class Ring, char variable_name>  requires  IsRing<Ring> struct aerobus::polynomial [with Ring = aerobus::i32; char variable_name = 'x']’:
main.cpp:149:27:   required from here
lib.h:44:10:   required for the satisfaction of ‘IsRing<Ring>’ [with Ring = aerobus::i32]
lib.h:44:19:   in requirements with ‘R <anonymous>’ [with R = aerobus::i32]
lib.h:45:26: note: the required type ‘typename R::add_t’ is invalid
   45 |                 typename R::add_t;
      |                 ~~~~~~~~~^~~~~~~~~
main.cpp:149:50: error: ‘P1’ was not declared in this scope; did you mean ‘y1’?
  149 |                 using A = polynomial<i32>::add_t<P1, P2>;
      |                                                  ^~
      |                                                  y1
main.cpp:149:54: error: ‘P2’ was not declared in this scope
  149 |                 using A = polynomial<i32>::add_t<P1, P2>;
      |                                                      ^~
main.cpp:151:21: error: ‘A’ has not been declared
  151 |                 if (A::coeff_at_t<0>::v != 2) {
      |                     ^
main.cpp:151:39: error: ‘::v’ has not been declared
  151 |                 if (A::coeff_at_t<0>::v != 2) {
      |                                       ^
main.cpp:154:21: error: ‘A’ has not been declared
  154 |                 if (A::coeff_at_t<1>::v != 2) {
      |                     ^
main.cpp:154:39: error: ‘::v’ has not been declared
  154 |                 if (A::coeff_at_t<1>::v != 2) {
      |                                       ^
main.cpp:157:21: error: ‘A’ has not been declared
  157 |                 if (A::coeff_at_t<2>::v != 1) {
      |                     ^
main.cpp:157:39: error: ‘::v’ has not been declared
  157 |                 if (A::coeff_at_t<2>::v != 1) {
      |                                       ^
main.cpp:160:21: error: ‘A’ has not been declared
  160 |                 if (A::degree != 2) {
      |                     ^
main.cpp:167:42: error: template constraint failure for ‘template<class Ring, char variable_name>  requires  IsRing<Ring> struct aerobus::polynomial’
  167 |                 using P1 = polynomial<i32>::val<i32::val<-1>, i32::val<1>, i32::val<1>>;
      |                                          ^
main.cpp:167:42: note: constraints not satisfied
In file included from main.cpp:7:
lib.h: In substitution of ‘template<class Ring, char variable_name>  requires  IsRing<Ring> struct aerobus::polynomial [with Ring = aerobus::i32; char variable_name = 'x']’:
main.cpp:167:28:   required from here
lib.h:44:10:   required for the satisfaction of ‘IsRing<Ring>’ [with Ring = aerobus::i32]
lib.h:44:19:   in requirements with ‘R <anonymous>’ [with R = aerobus::i32]
lib.h:45:26: note: the required type ‘typename R::add_t’ is invalid
   45 |                 typename R::add_t;
      |                 ~~~~~~~~~^~~~~~~~~
main.cpp:169:42: error: template constraint failure for ‘template<class Ring, char variable_name>  requires  IsRing<Ring> struct aerobus::polynomial’
  169 |                 using P2 = polynomial<i32>::val<i32::val<1>, i32::val<1>, i32::val<1>>;
      |                                          ^
main.cpp:169:42: note: constraints not satisfied
In file included from main.cpp:7:
lib.h: In substitution of ‘template<class Ring, char variable_name>  requires  IsRing<Ring> struct aerobus::polynomial [with Ring = aerobus::i32; char variable_name = 'x']’:
main.cpp:169:28:   required from here
lib.h:44:10:   required for the satisfaction of ‘IsRing<Ring>’ [with Ring = aerobus::i32]
lib.h:44:19:   in requirements with ‘R <anonymous>’ [with R = aerobus::i32]
lib.h:45:26: note: the required type ‘typename R::add_t’ is invalid
   45 |                 typename R::add_t;
      |                 ~~~~~~~~~^~~~~~~~~
main.cpp:171:41: error: template constraint failure for ‘template<class Ring, char variable_name>  requires  IsRing<Ring> struct aerobus::polynomial’
  171 |                 using A = polynomial<i32>::add_t<P1, P2>;
      |                                         ^
main.cpp:171:41: note: constraints not satisfied
In file included from main.cpp:7:
lib.h: In substitution of ‘template<class Ring, char variable_name>  requires  IsRing<Ring> struct aerobus::polynomial [with Ring = aerobus::i32; char variable_name = 'x']’:
main.cpp:171:27:   required from here
lib.h:44:10:   required for the satisfaction of ‘IsRing<Ring>’ [with Ring = aerobus::i32]
lib.h:44:19:   in requirements with ‘R <anonymous>’ [with R = aerobus::i32]
lib.h:45:26: note: the required type ‘typename R::add_t’ is invalid
   45 |                 typename R::add_t;
      |                 ~~~~~~~~~^~~~~~~~~
main.cpp:171:50: error: ‘P1’ was not declared in this scope; did you mean ‘y1’?
  171 |                 using A = polynomial<i32>::add_t<P1, P2>;
      |                                                  ^~
      |                                                  y1
main.cpp:171:54: error: ‘P2’ was not declared in this scope
  171 |                 using A = polynomial<i32>::add_t<P1, P2>;
      |                                                      ^~
main.cpp:172:21: error: ‘A’ has not been declared
  172 |                 if (A::coeff_at_t<0>::v != 2) {
      |                     ^
main.cpp:172:39: error: ‘::v’ has not been declared
  172 |                 if (A::coeff_at_t<0>::v != 2) {
      |                                       ^
main.cpp:175:21: error: ‘A’ has not been declared
  175 |                 if (A::coeff_at_t<1>::v != 2) {
      |                     ^
main.cpp:175:39: error: ‘::v’ has not been declared
  175 |                 if (A::coeff_at_t<1>::v != 2) {
      |                                       ^
main.cpp:178:21: error: ‘A’ has not been declared
  178 |                 if (A::coeff_at_t<2>::v != 0) {
      |                     ^
main.cpp:178:39: error: ‘::v’ has not been declared
  178 |                 if (A::coeff_at_t<2>::v != 0) {
      |                                       ^
main.cpp:181:21: error: ‘A’ has not been declared
  181 |                 if (A::degree != 1) {
      |                     ^
main.cpp: In function ‘int test_poly_sub()’:
main.cpp:192:28: error: ‘IX’ does not name a type
  192 |                 using P1 = IX<Int<1>, Int<1>>;
      |                            ^~
main.cpp:194:28: error: ‘IX’ does not name a type
  194 |                 using P2 = IX<Int<1>, Int<1>, Int<1>>;
      |                            ^~
main.cpp:196:34: error: ‘P1’ was not declared in this scope; did you mean ‘y1’?
  196 |                 using A = sub_ix<P1, P2>;
      |                                  ^~
      |                                  y1
main.cpp:196:38: error: ‘P2’ was not declared in this scope
  196 |                 using A = sub_ix<P1, P2>;
      |                                      ^~
main.cpp:196:27: error: ‘sub_ix’ does not name a type
  196 |                 using A = sub_ix<P1, P2>;
      |                           ^~~~~~
main.cpp:198:21: error: ‘A’ has not been declared
  198 |                 if (A::coeff_at_t<0>::v != 0) {
      |                     ^
main.cpp:198:39: error: ‘::v’ has not been declared
  198 |                 if (A::coeff_at_t<0>::v != 0) {
      |                                       ^
main.cpp:201:21: error: ‘A’ has not been declared
  201 |                 if (A::coeff_at_t<1>::v != 0) {
      |                     ^
main.cpp:201:39: error: ‘::v’ has not been declared
  201 |                 if (A::coeff_at_t<1>::v != 0) {
      |                                       ^
main.cpp:204:21: error: ‘A’ has not been declared
  204 |                 if (A::coeff_at_t<2>::v != -1) {
      |                     ^
main.cpp:204:39: error: ‘::v’ has not been declared
  204 |                 if (A::coeff_at_t<2>::v != -1) {
      |                                       ^
main.cpp:207:21: error: ‘A’ has not been declared
  207 |                 if (A::degree != 2) {
      |                     ^
main.cpp:214:42: error: template constraint failure for ‘template<class Ring, char variable_name>  requires  IsRing<Ring> struct aerobus::polynomial’
  214 |                 using P1 = polynomial<i32>::val<i32::val<1>, i32::val<1>, i32::val<1>>;
      |                                          ^
main.cpp:214:42: note: constraints not satisfied
In file included from main.cpp:7:
lib.h: In substitution of ‘template<class Ring, char variable_name>  requires  IsRing<Ring> struct aerobus::polynomial [with Ring = aerobus::i32; char variable_name = 'x']’:
main.cpp:214:28:   required from here
lib.h:44:10:   required for the satisfaction of ‘IsRing<Ring>’ [with Ring = aerobus::i32]
lib.h:44:19:   in requirements with ‘R <anonymous>’ [with R = aerobus::i32]
lib.h:45:26: note: the required type ‘typename R::add_t’ is invalid
   45 |                 typename R::add_t;
      |                 ~~~~~~~~~^~~~~~~~~
main.cpp:216:42: error: template constraint failure for ‘template<class Ring, char variable_name>  requires  IsRing<Ring> struct aerobus::polynomial’
  216 |                 using P2 = polynomial<i32>::val<i32::val<1>, i32::val<1>, i32::val<1>>;
      |                                          ^
main.cpp:216:42: note: constraints not satisfied
In file included from main.cpp:7:
lib.h: In substitution of ‘template<class Ring, char variable_name>  requires  IsRing<Ring> struct aerobus::polynomial [with Ring = aerobus::i32; char variable_name = 'x']’:
main.cpp:216:28:   required from here
lib.h:44:10:   required for the satisfaction of ‘IsRing<Ring>’ [with Ring = aerobus::i32]
lib.h:44:19:   in requirements with ‘R <anonymous>’ [with R = aerobus::i32]
lib.h:45:26: note: the required type ‘typename R::add_t’ is invalid
   45 |                 typename R::add_t;
      |                 ~~~~~~~~~^~~~~~~~~
main.cpp:218:41: error: template constraint failure for ‘template<class Ring, char variable_name>  requires  IsRing<Ring> struct aerobus::polynomial’
  218 |                 using A = polynomial<i32>::sub_t<P2, P1>;
      |                                         ^
main.cpp:218:41: note: constraints not satisfied
In file included from main.cpp:7:
lib.h: In substitution of ‘template<class Ring, char variable_name>  requires  IsRing<Ring> struct aerobus::polynomial [with Ring = aerobus::i32; char variable_name = 'x']’:
main.cpp:218:27:   required from here
lib.h:44:10:   required for the satisfaction of ‘IsRing<Ring>’ [with Ring = aerobus::i32]
lib.h:44:19:   in requirements with ‘R <anonymous>’ [with R = aerobus::i32]
lib.h:45:26: note: the required type ‘typename R::add_t’ is invalid
   45 |                 typename R::add_t;
      |                 ~~~~~~~~~^~~~~~~~~
main.cpp:218:50: error: ‘P2’ was not declared in this scope
  218 |                 using A = polynomial<i32>::sub_t<P2, P1>;
      |                                                  ^~
main.cpp:218:54: error: ‘P1’ was not declared in this scope; did you mean ‘y1’?
  218 |                 using A = polynomial<i32>::sub_t<P2, P1>;
      |                                                      ^~
      |                                                      y1
main.cpp:219:21: error: ‘A’ has not been declared
  219 |                 if (A::coeff_at_t<0>::v != 0) {
      |                     ^
main.cpp:219:39: error: ‘::v’ has not been declared
  219 |                 if (A::coeff_at_t<0>::v != 0) {
      |                                       ^
main.cpp:222:21: error: ‘A’ has not been declared
  222 |                 if (A::coeff_at_t<1>::v != 0) {
      |                     ^
main.cpp:222:39: error: ‘::v’ has not been declared
  222 |                 if (A::coeff_at_t<1>::v != 0) {
      |                                       ^
main.cpp:225:21: error: ‘A’ has not been declared
  225 |                 if (A::coeff_at_t<2>::v != 0) {
      |                     ^
main.cpp:225:39: error: ‘::v’ has not been declared
  225 |                 if (A::coeff_at_t<2>::v != 0) {
      |                                       ^
main.cpp:228:21: error: ‘A’ has not been declared
  228 |                 if (A::degree != 0) {
      |                     ^
main.cpp: In function ‘int test_poly_eq()’:
main.cpp:238:41: error: template constraint failure for ‘template<class Ring, char variable_name>  requires  IsRing<Ring> struct aerobus::polynomial’
  238 |                 using A = polynomial<i32>::val<i32::val<1>>;
      |                                         ^
main.cpp:238:41: note: constraints not satisfied
In file included from main.cpp:7:
lib.h: In substitution of ‘template<class Ring, char variable_name>  requires  IsRing<Ring> struct aerobus::polynomial [with Ring = aerobus::i32; char variable_name = 'x']’:
main.cpp:238:27:   required from here
lib.h:44:10:   required for the satisfaction of ‘IsRing<Ring>’ [with Ring = aerobus::i32]
lib.h:44:19:   in requirements with ‘R <anonymous>’ [with R = aerobus::i32]
lib.h:45:26: note: the required type ‘typename R::add_t’ is invalid
   45 |                 typename R::add_t;
      |                 ~~~~~~~~~^~~~~~~~~
main.cpp:239:41: error: template constraint failure for ‘template<class Ring, char variable_name>  requires  IsRing<Ring> struct aerobus::polynomial’
  239 |                 using B = polynomial<i32>::val<i32::val<1>>;
      |                                         ^
main.cpp:239:41: note: constraints not satisfied
In file included from main.cpp:7:
lib.h: In substitution of ‘template<class Ring, char variable_name>  requires  IsRing<Ring> struct aerobus::polynomial [with Ring = aerobus::i32; char variable_name = 'x']’:
main.cpp:239:27:   required from here
lib.h:44:10:   required for the satisfaction of ‘IsRing<Ring>’ [with Ring = aerobus::i32]
lib.h:44:19:   in requirements with ‘R <anonymous>’ [with R = aerobus::i32]
lib.h:45:26: note: the required type ‘typename R::add_t’ is invalid
   45 |                 typename R::add_t;
      |                 ~~~~~~~~~^~~~~~~~~
main.cpp:240:36: error: template constraint failure for ‘template<class Ring, char variable_name>  requires  IsRing<Ring> struct aerobus::polynomial’
  240 |                 if (!polynomial<i32>::eq_t<A, B>::value) {
      |                                    ^
main.cpp:240:36: note: constraints not satisfied
In file included from main.cpp:7:
lib.h: In substitution of ‘template<class Ring, char variable_name>  requires  IsRing<Ring> struct aerobus::polynomial [with Ring = aerobus::i32; char variable_name = 'x']’:
main.cpp:240:22:   required from here
lib.h:44:10:   required for the satisfaction of ‘IsRing<Ring>’ [with Ring = aerobus::i32]
lib.h:44:19:   in requirements with ‘R <anonymous>’ [with R = aerobus::i32]
lib.h:45:26: note: the required type ‘typename R::add_t’ is invalid
   45 |                 typename R::add_t;
      |                 ~~~~~~~~~^~~~~~~~~
main.cpp:240:44: error: ‘A’ was not declared in this scope
  240 |                 if (!polynomial<i32>::eq_t<A, B>::value) {
      |                                            ^
main.cpp:240:47: error: ‘B’ was not declared in this scope
  240 |                 if (!polynomial<i32>::eq_t<A, B>::value) {
      |                                               ^
main.cpp:240:51: error: ‘::value’ has not been declared
  240 |                 if (!polynomial<i32>::eq_t<A, B>::value) {
      |                                                   ^~~~~
main.cpp:245:41: error: template constraint failure for ‘template<class Ring, char variable_name>  requires  IsRing<Ring> struct aerobus::polynomial’
  245 |                 using A = polynomial<i32>::val<i32::val<1>>;
      |                                         ^
main.cpp:245:41: note: constraints not satisfied
In file included from main.cpp:7:
lib.h: In substitution of ‘template<class Ring, char variable_name>  requires  IsRing<Ring> struct aerobus::polynomial [with Ring = aerobus::i32; char variable_name = 'x']’:
main.cpp:245:27:   required from here
lib.h:44:10:   required for the satisfaction of ‘IsRing<Ring>’ [with Ring = aerobus::i32]
lib.h:44:19:   in requirements with ‘R <anonymous>’ [with R = aerobus::i32]
lib.h:45:26: note: the required type ‘typename R::add_t’ is invalid
   45 |                 typename R::add_t;
      |                 ~~~~~~~~~^~~~~~~~~
main.cpp:246:41: error: template constraint failure for ‘template<class Ring, char variable_name>  requires  IsRing<Ring> struct aerobus::polynomial’
  246 |                 using B = polynomial<i32>::val<i32::val<2>>;
      |                                         ^
main.cpp:246:41: note: constraints not satisfied
In file included from main.cpp:7:
lib.h: In substitution of ‘template<class Ring, char variable_name>  requires  IsRing<Ring> struct aerobus::polynomial [with Ring = aerobus::i32; char variable_name = 'x']’:
main.cpp:246:27:   required from here
lib.h:44:10:   required for the satisfaction of ‘IsRing<Ring>’ [with Ring = aerobus::i32]
lib.h:44:19:   in requirements with ‘R <anonymous>’ [with R = aerobus::i32]
lib.h:45:26: note: the required type ‘typename R::add_t’ is invalid
   45 |                 typename R::add_t;
      |                 ~~~~~~~~~^~~~~~~~~
main.cpp:247:35: error: template constraint failure for ‘template<class Ring, char variable_name>  requires  IsRing<Ring> struct aerobus::polynomial’
  247 |                 if (polynomial<i32>::eq_t<A, B>::value) {
      |                                   ^
main.cpp:247:35: note: constraints not satisfied
In file included from main.cpp:7:
lib.h: In substitution of ‘template<class Ring, char variable_name>  requires  IsRing<Ring> struct aerobus::polynomial [with Ring = aerobus::i32; char variable_name = 'x']’:
main.cpp:247:21:   required from here
lib.h:44:10:   required for the satisfaction of ‘IsRing<Ring>’ [with Ring = aerobus::i32]
lib.h:44:19:   in requirements with ‘R <anonymous>’ [with R = aerobus::i32]
lib.h:45:26: note: the required type ‘typename R::add_t’ is invalid
   45 |                 typename R::add_t;
      |                 ~~~~~~~~~^~~~~~~~~
main.cpp:247:43: error: ‘A’ was not declared in this scope
  247 |                 if (polynomial<i32>::eq_t<A, B>::value) {
      |                                           ^
main.cpp:247:46: error: ‘B’ was not declared in this scope
  247 |                 if (polynomial<i32>::eq_t<A, B>::value) {
      |                                              ^
main.cpp:247:42: error: expected initializer before ‘<’ token
  247 |                 if (polynomial<i32>::eq_t<A, B>::value) {
      |                                          ^
main.cpp:247:42: error: expected ‘)’ before ‘<’ token
  247 |                 if (polynomial<i32>::eq_t<A, B>::value) {
      |                    ~                     ^
      |                                          )
main.cpp:252:41: error: template constraint failure for ‘template<class Ring, char variable_name>  requires  IsRing<Ring> struct aerobus::polynomial’
  252 |                 using A = polynomial<i32>::val<i32::val<1>, i32::val<1>>;
      |                                         ^
main.cpp:252:41: note: constraints not satisfied
In file included from main.cpp:7:
lib.h: In substitution of ‘template<class Ring, char variable_name>  requires  IsRing<Ring> struct aerobus::polynomial [with Ring = aerobus::i32; char variable_name = 'x']’:
main.cpp:252:27:   required from here
lib.h:44:10:   required for the satisfaction of ‘IsRing<Ring>’ [with Ring = aerobus::i32]
lib.h:44:19:   in requirements with ‘R <anonymous>’ [with R = aerobus::i32]
lib.h:45:26: note: the required type ‘typename R::add_t’ is invalid
   45 |                 typename R::add_t;
      |                 ~~~~~~~~~^~~~~~~~~
main.cpp:253:41: error: template constraint failure for ‘template<class Ring, char variable_name>  requires  IsRing<Ring> struct aerobus::polynomial’
  253 |                 using B = polynomial<i32>::val<i32::val<1>, i32::val<1>>;
      |                                         ^
main.cpp:253:41: note: constraints not satisfied
In file included from main.cpp:7:
lib.h: In substitution of ‘template<class Ring, char variable_name>  requires  IsRing<Ring> struct aerobus::polynomial [with Ring = aerobus::i32; char variable_name = 'x']’:
main.cpp:253:27:   required from here
lib.h:44:10:   required for the satisfaction of ‘IsRing<Ring>’ [with Ring = aerobus::i32]
lib.h:44:19:   in requirements with ‘R <anonymous>’ [with R = aerobus::i32]
lib.h:45:26: note: the required type ‘typename R::add_t’ is invalid
   45 |                 typename R::add_t;
      |                 ~~~~~~~~~^~~~~~~~~
main.cpp:254:36: error: template constraint failure for ‘template<class Ring, char variable_name>  requires  IsRing<Ring> struct aerobus::polynomial’
  254 |                 if (!polynomial<i32>::eq_t<A, B>::value) {
      |                                    ^
main.cpp:254:36: note: constraints not satisfied
In file included from main.cpp:7:
lib.h: In substitution of ‘template<class Ring, char variable_name>  requires  IsRing<Ring> struct aerobus::polynomial [with Ring = aerobus::i32; char variable_name = 'x']’:
main.cpp:254:22:   required from here
lib.h:44:10:   required for the satisfaction of ‘IsRing<Ring>’ [with Ring = aerobus::i32]
lib.h:44:19:   in requirements with ‘R <anonymous>’ [with R = aerobus::i32]
lib.h:45:26: note: the required type ‘typename R::add_t’ is invalid
   45 |                 typename R::add_t;
      |                 ~~~~~~~~~^~~~~~~~~
main.cpp:254:44: error: ‘A’ was not declared in this scope
  254 |                 if (!polynomial<i32>::eq_t<A, B>::value) {
      |                                            ^
main.cpp:254:47: error: ‘B’ was not declared in this scope
  254 |                 if (!polynomial<i32>::eq_t<A, B>::value) {
      |                                               ^
main.cpp:254:51: error: ‘::value’ has not been declared
  254 |                 if (!polynomial<i32>::eq_t<A, B>::value) {
      |                                                   ^~~~~
main.cpp:259:41: error: template constraint failure for ‘template<class Ring, char variable_name>  requires  IsRing<Ring> struct aerobus::polynomial’
  259 |                 using A = polynomial<i32>::val<i32::val<1>, i32::val<1>>;
      |                                         ^
main.cpp:259:41: note: constraints not satisfied
In file included from main.cpp:7:
lib.h: In substitution of ‘template<class Ring, char variable_name>  requires  IsRing<Ring> struct aerobus::polynomial [with Ring = aerobus::i32; char variable_name = 'x']’:
main.cpp:259:27:   required from here
lib.h:44:10:   required for the satisfaction of ‘IsRing<Ring>’ [with Ring = aerobus::i32]
lib.h:44:19:   in requirements with ‘R <anonymous>’ [with R = aerobus::i32]
lib.h:45:26: note: the required type ‘typename R::add_t’ is invalid
   45 |                 typename R::add_t;
      |                 ~~~~~~~~~^~~~~~~~~
main.cpp:260:41: error: template constraint failure for ‘template<class Ring, char variable_name>  requires  IsRing<Ring> struct aerobus::polynomial’
  260 |                 using B = polynomial<i32>::val<i32::val<1>, i32::val<2>>;
      |                                         ^
main.cpp:260:41: note: constraints not satisfied
In file included from main.cpp:7:
lib.h: In substitution of ‘template<class Ring, char variable_name>  requires  IsRing<Ring> struct aerobus::polynomial [with Ring = aerobus::i32; char variable_name = 'x']’:
main.cpp:260:27:   required from here
lib.h:44:10:   required for the satisfaction of ‘IsRing<Ring>’ [with Ring = aerobus::i32]
lib.h:44:19:   in requirements with ‘R <anonymous>’ [with R = aerobus::i32]
lib.h:45:26: note: the required type ‘typename R::add_t’ is invalid
   45 |                 typename R::add_t;
      |                 ~~~~~~~~~^~~~~~~~~
main.cpp:261:35: error: template constraint failure for ‘template<class Ring, char variable_name>  requires  IsRing<Ring> struct aerobus::polynomial’
  261 |                 if (polynomial<i32>::eq_t<A, B>::value) {
      |                                   ^
main.cpp:261:35: note: constraints not satisfied
In file included from main.cpp:7:
lib.h: In substitution of ‘template<class Ring, char variable_name>  requires  IsRing<Ring> struct aerobus::polynomial [with Ring = aerobus::i32; char variable_name = 'x']’:
main.cpp:261:21:   required from here
lib.h:44:10:   required for the satisfaction of ‘IsRing<Ring>’ [with Ring = aerobus::i32]
lib.h:44:19:   in requirements with ‘R <anonymous>’ [with R = aerobus::i32]
lib.h:45:26: note: the required type ‘typename R::add_t’ is invalid
   45 |                 typename R::add_t;
      |                 ~~~~~~~~~^~~~~~~~~
main.cpp:261:43: error: ‘A’ was not declared in this scope
  261 |                 if (polynomial<i32>::eq_t<A, B>::value) {
      |                                           ^
main.cpp:261:46: error: ‘B’ was not declared in this scope
  261 |                 if (polynomial<i32>::eq_t<A, B>::value) {
      |                                              ^
main.cpp:261:42: error: expected initializer before ‘<’ token
  261 |                 if (polynomial<i32>::eq_t<A, B>::value) {
      |                                          ^
main.cpp:261:42: error: expected ‘)’ before ‘<’ token
  261 |                 if (polynomial<i32>::eq_t<A, B>::value) {
      |                    ~                     ^
      |                                          )
main.cpp:266:41: error: template constraint failure for ‘template<class Ring, char variable_name>  requires  IsRing<Ring> struct aerobus::polynomial’
  266 |                 using A = polynomial<i32>::val<i32::val<1>, i32::val<1>>;
      |                                         ^
main.cpp:266:41: note: constraints not satisfied
In file included from main.cpp:7:
lib.h: In substitution of ‘template<class Ring, char variable_name>  requires  IsRing<Ring> struct aerobus::polynomial [with Ring = aerobus::i32; char variable_name = 'x']’:
main.cpp:266:27:   required from here
lib.h:44:10:   required for the satisfaction of ‘IsRing<Ring>’ [with Ring = aerobus::i32]
lib.h:44:19:   in requirements with ‘R <anonymous>’ [with R = aerobus::i32]
lib.h:45:26: note: the required type ‘typename R::add_t’ is invalid
   45 |                 typename R::add_t;
      |                 ~~~~~~~~~^~~~~~~~~
main.cpp:267:41: error: template constraint failure for ‘template<class Ring, char variable_name>  requires  IsRing<Ring> struct aerobus::polynomial’
  267 |                 using B = polynomial<i32>::val<i32::val<1>, i32::val<1>, i32::val<2>>;
      |                                         ^
main.cpp:267:41: note: constraints not satisfied
In file included from main.cpp:7:
lib.h: In substitution of ‘template<class Ring, char variable_name>  requires  IsRing<Ring> struct aerobus::polynomial [with Ring = aerobus::i32; char variable_name = 'x']’:
main.cpp:267:27:   required from here
lib.h:44:10:   required for the satisfaction of ‘IsRing<Ring>’ [with Ring = aerobus::i32]
lib.h:44:19:   in requirements with ‘R <anonymous>’ [with R = aerobus::i32]
lib.h:45:26: note: the required type ‘typename R::add_t’ is invalid
   45 |                 typename R::add_t;
      |                 ~~~~~~~~~^~~~~~~~~
main.cpp:268:35: error: template constraint failure for ‘template<class Ring, char variable_name>  requires  IsRing<Ring> struct aerobus::polynomial’
  268 |                 if (polynomial<i32>::eq_t<A, B>::value) {
      |                                   ^
main.cpp:268:35: note: constraints not satisfied
In file included from main.cpp:7:
lib.h: In substitution of ‘template<class Ring, char variable_name>  requires  IsRing<Ring> struct aerobus::polynomial [with Ring = aerobus::i32; char variable_name = 'x']’:
main.cpp:268:21:   required from here
lib.h:44:10:   required for the satisfaction of ‘IsRing<Ring>’ [with Ring = aerobus::i32]
lib.h:44:19:   in requirements with ‘R <anonymous>’ [with R = aerobus::i32]
lib.h:45:26: note: the required type ‘typename R::add_t’ is invalid
   45 |                 typename R::add_t;
      |                 ~~~~~~~~~^~~~~~~~~
main.cpp:268:43: error: ‘A’ was not declared in this scope
  268 |                 if (polynomial<i32>::eq_t<A, B>::value) {
      |                                           ^
main.cpp:268:46: error: ‘B’ was not declared in this scope
  268 |                 if (polynomial<i32>::eq_t<A, B>::value) {
      |                                              ^
main.cpp:268:42: error: expected initializer before ‘<’ token
  268 |                 if (polynomial<i32>::eq_t<A, B>::value) {
      |                                          ^
main.cpp:268:42: error: expected ‘)’ before ‘<’ token
  268 |                 if (polynomial<i32>::eq_t<A, B>::value) {
      |                    ~                     ^
      |                                          )
main.cpp: In function ‘int test_poly_mul()’:
main.cpp:296:41: error: template constraint failure for ‘template<class Ring, char variable_name>  requires  IsRing<Ring> struct aerobus::polynomial’
  296 |                 using A = polynomial<i32>::val<i32::val<1>, i32::val<-1>>;
      |                                         ^
main.cpp:296:41: note: constraints not satisfied
In file included from main.cpp:7:
lib.h: In substitution of ‘template<class Ring, char variable_name>  requires  IsRing<Ring> struct aerobus::polynomial [with Ring = aerobus::i32; char variable_name = 'x']’:
main.cpp:296:27:   required from here
lib.h:44:10:   required for the satisfaction of ‘IsRing<Ring>’ [with Ring = aerobus::i32]
lib.h:44:19:   in requirements with ‘R <anonymous>’ [with R = aerobus::i32]
lib.h:45:26: note: the required type ‘typename R::add_t’ is invalid
   45 |                 typename R::add_t;
      |                 ~~~~~~~~~^~~~~~~~~
main.cpp:297:41: error: template constraint failure for ‘template<class Ring, char variable_name>  requires  IsRing<Ring> struct aerobus::polynomial’
  297 |                 using B = polynomial<i32>::val<i32::val<1>, i32::val<1>>;
      |                                         ^
main.cpp:297:41: note: constraints not satisfied
In file included from main.cpp:7:
lib.h: In substitution of ‘template<class Ring, char variable_name>  requires  IsRing<Ring> struct aerobus::polynomial [with Ring = aerobus::i32; char variable_name = 'x']’:
main.cpp:297:27:   required from here
lib.h:44:10:   required for the satisfaction of ‘IsRing<Ring>’ [with Ring = aerobus::i32]
lib.h:44:19:   in requirements with ‘R <anonymous>’ [with R = aerobus::i32]
lib.h:45:26: note: the required type ‘typename R::add_t’ is invalid
   45 |                 typename R::add_t;
      |                 ~~~~~~~~~^~~~~~~~~
main.cpp:298:43: error: template constraint failure for ‘template<class Ring, char variable_name>  requires  IsRing<Ring> struct aerobus::polynomial’
  298 |                 using mul = polynomial<i32>::mul_t<A, B>;
      |                                           ^
main.cpp:298:43: note: constraints not satisfied
In file included from main.cpp:7:
lib.h: In substitution of ‘template<class Ring, char variable_name>  requires  IsRing<Ring> struct aerobus::polynomial [with Ring = aerobus::i32; char variable_name = 'x']’:
main.cpp:298:29:   required from here
lib.h:44:10:   required for the satisfaction of ‘IsRing<Ring>’ [with Ring = aerobus::i32]
lib.h:44:19:   in requirements with ‘R <anonymous>’ [with R = aerobus::i32]
lib.h:45:26: note: the required type ‘typename R::add_t’ is invalid
   45 |                 typename R::add_t;
      |                 ~~~~~~~~~^~~~~~~~~
main.cpp:298:52: error: ‘A’ was not declared in this scope
  298 |                 using mul = polynomial<i32>::mul_t<A, B>;
      |                                                    ^
main.cpp:298:55: error: ‘B’ was not declared in this scope
  298 |                 using mul = polynomial<i32>::mul_t<A, B>;
      |                                                       ^
main.cpp:299:48: error: template constraint failure for ‘template<class Ring, char variable_name>  requires  IsRing<Ring> struct aerobus::polynomial’
  299 |                 using expected = polynomial<i32>::val<i32::val<1>, i32::zero, i32::val<-1>>;
      |                                                ^
main.cpp:299:48: note: constraints not satisfied
In file included from main.cpp:7:
lib.h: In substitution of ‘template<class Ring, char variable_name>  requires  IsRing<Ring> struct aerobus::polynomial [with Ring = aerobus::i32; char variable_name = 'x']’:
main.cpp:299:34:   required from here
lib.h:44:10:   required for the satisfaction of ‘IsRing<Ring>’ [with Ring = aerobus::i32]
lib.h:44:19:   in requirements with ‘R <anonymous>’ [with R = aerobus::i32]
lib.h:45:26: note: the required type ‘typename R::add_t’ is invalid
   45 |                 typename R::add_t;
      |                 ~~~~~~~~~^~~~~~~~~
main.cpp:300:35: error: ‘expected’ was not declared in this scope
  300 |                 if (!std::is_same<expected, mul>::value) {
      |                                   ^~~~~~~~
main.cpp:300:45: error: ‘mul’ was not declared in this scope; did you mean ‘fmul’?
  300 |                 if (!std::is_same<expected, mul>::value) {
      |                                             ^~~
      |                                             fmul
main.cpp:300:48: error: template argument 1 is invalid
  300 |                 if (!std::is_same<expected, mul>::value) {
      |                                                ^
main.cpp:300:48: error: template argument 2 is invalid
main.cpp:305:41: error: template constraint failure for ‘template<class Ring, char variable_name>  requires  IsRing<Ring> struct aerobus::polynomial’
  305 |                 using A = polynomial<i32>::val<i32::val<1>, i32::val<1>>;
      |                                         ^
main.cpp:305:41: note: constraints not satisfied
In file included from main.cpp:7:
lib.h: In substitution of ‘template<class Ring, char variable_name>  requires  IsRing<Ring> struct aerobus::polynomial [with Ring = aerobus::i32; char variable_name = 'x']’:
main.cpp:305:27:   required from here
lib.h:44:10:   required for the satisfaction of ‘IsRing<Ring>’ [with Ring = aerobus::i32]
lib.h:44:19:   in requirements with ‘R <anonymous>’ [with R = aerobus::i32]
lib.h:45:26: note: the required type ‘typename R::add_t’ is invalid
   45 |                 typename R::add_t;
      |                 ~~~~~~~~~^~~~~~~~~
main.cpp:306:41: error: template constraint failure for ‘template<class Ring, char variable_name>  requires  IsRing<Ring> struct aerobus::polynomial’
  306 |                 using B = polynomial<i32>::val<i32::val<1>, i32::val<1>>;
      |                                         ^
main.cpp:306:41: note: constraints not satisfied
In file included from main.cpp:7:
lib.h: In substitution of ‘template<class Ring, char variable_name>  requires  IsRing<Ring> struct aerobus::polynomial [with Ring = aerobus::i32; char variable_name = 'x']’:
main.cpp:306:27:   required from here
lib.h:44:10:   required for the satisfaction of ‘IsRing<Ring>’ [with Ring = aerobus::i32]
lib.h:44:19:   in requirements with ‘R <anonymous>’ [with R = aerobus::i32]
lib.h:45:26: note: the required type ‘typename R::add_t’ is invalid
   45 |                 typename R::add_t;
      |                 ~~~~~~~~~^~~~~~~~~
main.cpp:307:43: error: template constraint failure for ‘template<class Ring, char variable_name>  requires  IsRing<Ring> struct aerobus::polynomial’
  307 |                 using mul = polynomial<i32>::mul_t<A, B>;
      |                                           ^
main.cpp:307:43: note: constraints not satisfied
In file included from main.cpp:7:
lib.h: In substitution of ‘template<class Ring, char variable_name>  requires  IsRing<Ring> struct aerobus::polynomial [with Ring = aerobus::i32; char variable_name = 'x']’:
main.cpp:307:29:   required from here
lib.h:44:10:   required for the satisfaction of ‘IsRing<Ring>’ [with Ring = aerobus::i32]
lib.h:44:19:   in requirements with ‘R <anonymous>’ [with R = aerobus::i32]
lib.h:45:26: note: the required type ‘typename R::add_t’ is invalid
   45 |                 typename R::add_t;
      |                 ~~~~~~~~~^~~~~~~~~
main.cpp:307:52: error: ‘A’ was not declared in this scope
  307 |                 using mul = polynomial<i32>::mul_t<A, B>;
      |                                                    ^
main.cpp:307:55: error: ‘B’ was not declared in this scope
  307 |                 using mul = polynomial<i32>::mul_t<A, B>;
      |                                                       ^
main.cpp:308:48: error: template constraint failure for ‘template<class Ring, char variable_name>  requires  IsRing<Ring> struct aerobus::polynomial’
  308 |                 using expected = polynomial<i32>::val<i32::val<1>, i32::val<2>, i32::val<1>>;
      |                                                ^
main.cpp:308:48: note: constraints not satisfied
In file included from main.cpp:7:
lib.h: In substitution of ‘template<class Ring, char variable_name>  requires  IsRing<Ring> struct aerobus::polynomial [with Ring = aerobus::i32; char variable_name = 'x']’:
main.cpp:308:34:   required from here
lib.h:44:10:   required for the satisfaction of ‘IsRing<Ring>’ [with Ring = aerobus::i32]
lib.h:44:19:   in requirements with ‘R <anonymous>’ [with R = aerobus::i32]
lib.h:45:26: note: the required type ‘typename R::add_t’ is invalid
   45 |                 typename R::add_t;
      |                 ~~~~~~~~~^~~~~~~~~
main.cpp:309:35: error: ‘expected’ was not declared in this scope
  309 |                 if (!std::is_same<expected, mul>::value) {
      |                                   ^~~~~~~~
main.cpp:309:45: error: ‘mul’ was not declared in this scope; did you mean ‘fmul’?
  309 |                 if (!std::is_same<expected, mul>::value) {
      |                                             ^~~
      |                                             fmul
main.cpp:309:48: error: template argument 1 is invalid
  309 |                 if (!std::is_same<expected, mul>::value) {
      |                                                ^
main.cpp:309:48: error: template argument 2 is invalid
main.cpp:314:41: error: template constraint failure for ‘template<class Ring, char variable_name>  requires  IsRing<Ring> struct aerobus::polynomial’
  314 |                 using A = polynomial<i32>::val<i32::val<1>, i32::val<1>>;
      |                                         ^
main.cpp:314:41: note: constraints not satisfied
In file included from main.cpp:7:
lib.h: In substitution of ‘template<class Ring, char variable_name>  requires  IsRing<Ring> struct aerobus::polynomial [with Ring = aerobus::i32; char variable_name = 'x']’:
main.cpp:314:27:   required from here
lib.h:44:10:   required for the satisfaction of ‘IsRing<Ring>’ [with Ring = aerobus::i32]
lib.h:44:19:   in requirements with ‘R <anonymous>’ [with R = aerobus::i32]
lib.h:45:26: note: the required type ‘typename R::add_t’ is invalid
   45 |                 typename R::add_t;
      |                 ~~~~~~~~~^~~~~~~~~
main.cpp:315:41: error: template constraint failure for ‘template<class Ring, char variable_name>  requires  IsRing<Ring> struct aerobus::polynomial’
  315 |                 using B = polynomial<i32>::val<i32::val<2>>;
      |                                         ^
main.cpp:315:41: note: constraints not satisfied
In file included from main.cpp:7:
lib.h: In substitution of ‘template<class Ring, char variable_name>  requires  IsRing<Ring> struct aerobus::polynomial [with Ring = aerobus::i32; char variable_name = 'x']’:
main.cpp:315:27:   required from here
lib.h:44:10:   required for the satisfaction of ‘IsRing<Ring>’ [with Ring = aerobus::i32]
lib.h:44:19:   in requirements with ‘R <anonymous>’ [with R = aerobus::i32]
lib.h:45:26: note: the required type ‘typename R::add_t’ is invalid
   45 |                 typename R::add_t;
      |                 ~~~~~~~~~^~~~~~~~~
main.cpp:316:43: error: template constraint failure for ‘template<class Ring, char variable_name>  requires  IsRing<Ring> struct aerobus::polynomial’
  316 |                 using mul = polynomial<i32>::mul_t<A, B>;
      |                                           ^
main.cpp:316:43: note: constraints not satisfied
In file included from main.cpp:7:
lib.h: In substitution of ‘template<class Ring, char variable_name>  requires  IsRing<Ring> struct aerobus::polynomial [with Ring = aerobus::i32; char variable_name = 'x']’:
main.cpp:316:29:   required from here
lib.h:44:10:   required for the satisfaction of ‘IsRing<Ring>’ [with Ring = aerobus::i32]
lib.h:44:19:   in requirements with ‘R <anonymous>’ [with R = aerobus::i32]
lib.h:45:26: note: the required type ‘typename R::add_t’ is invalid
   45 |                 typename R::add_t;
      |                 ~~~~~~~~~^~~~~~~~~
main.cpp:316:52: error: ‘A’ was not declared in this scope
  316 |                 using mul = polynomial<i32>::mul_t<A, B>;
      |                                                    ^
main.cpp:316:55: error: ‘B’ was not declared in this scope
  316 |                 using mul = polynomial<i32>::mul_t<A, B>;
      |                                                       ^
main.cpp:317:48: error: template constraint failure for ‘template<class Ring, char variable_name>  requires  IsRing<Ring> struct aerobus::polynomial’
  317 |                 using expected = polynomial<i32>::val<i32::val<2>, i32::val<2>>;
      |                                                ^
main.cpp:317:48: note: constraints not satisfied
In file included from main.cpp:7:
lib.h: In substitution of ‘template<class Ring, char variable_name>  requires  IsRing<Ring> struct aerobus::polynomial [with Ring = aerobus::i32; char variable_name = 'x']’:
main.cpp:317:34:   required from here
lib.h:44:10:   required for the satisfaction of ‘IsRing<Ring>’ [with Ring = aerobus::i32]
lib.h:44:19:   in requirements with ‘R <anonymous>’ [with R = aerobus::i32]
lib.h:45:26: note: the required type ‘typename R::add_t’ is invalid
   45 |                 typename R::add_t;
      |                 ~~~~~~~~~^~~~~~~~~
main.cpp:318:35: error: ‘expected’ was not declared in this scope
  318 |                 if (!std::is_same<expected, mul>::value) {
      |                                   ^~~~~~~~
main.cpp:318:45: error: ‘mul’ was not declared in this scope; did you mean ‘fmul’?
  318 |                 if (!std::is_same<expected, mul>::value) {
      |                                             ^~~
      |                                             fmul
main.cpp:318:48: error: template argument 1 is invalid
  318 |                 if (!std::is_same<expected, mul>::value) {
      |                                                ^
main.cpp:318:48: error: template argument 2 is invalid
main.cpp: In function ‘int test_monomial()’:
main.cpp:329:41: error: template constraint failure for ‘template<class Ring, char variable_name>  requires  IsRing<Ring> struct aerobus::polynomial’
  329 |                 using A = polynomial<i32>::monomial_t<i32::val<2>, 3>;
      |                                         ^
main.cpp:329:41: note: constraints not satisfied
In file included from main.cpp:7:
lib.h: In substitution of ‘template<class Ring, char variable_name>  requires  IsRing<Ring> struct aerobus::polynomial [with Ring = aerobus::i32; char variable_name = 'x']’:
main.cpp:329:27:   required from here
lib.h:44:10:   required for the satisfaction of ‘IsRing<Ring>’ [with Ring = aerobus::i32]
lib.h:44:19:   in requirements with ‘R <anonymous>’ [with R = aerobus::i32]
lib.h:45:26: note: the required type ‘typename R::add_t’ is invalid
   45 |                 typename R::add_t;
      |                 ~~~~~~~~~^~~~~~~~~
main.cpp:330:21: error: ‘A’ has not been declared
  330 |                 if (A::coeff_at_t<3>::v != 2) {
      |                     ^
main.cpp:330:39: error: ‘::v’ has not been declared
  330 |                 if (A::coeff_at_t<3>::v != 2) {
      |                                       ^
main.cpp:333:21: error: ‘A’ has not been declared
  333 |                 if (A::coeff_at_t<2>::v != 0) {
      |                     ^
main.cpp:333:39: error: ‘::v’ has not been declared
  333 |                 if (A::coeff_at_t<2>::v != 0) {
      |                                       ^
main.cpp:336:21: error: ‘A’ has not been declared
  336 |                 if (A::coeff_at_t<1>::v != 0) {
      |                     ^
main.cpp:336:39: error: ‘::v’ has not been declared
  336 |                 if (A::coeff_at_t<1>::v != 0) {
      |                                       ^
main.cpp:339:21: error: ‘A’ has not been declared
  339 |                 if (A::coeff_at_t<0>::v != 0) {
      |                     ^
main.cpp:339:39: error: ‘::v’ has not been declared
  339 |                 if (A::coeff_at_t<0>::v != 0) {
      |                                       ^
main.cpp: In function ‘int test_poly_div()’:
main.cpp:351:41: error: template constraint failure for ‘template<class Ring, char variable_name>  requires  IsRing<Ring> struct aerobus::polynomial’
  351 |                 using A = polynomial<i32>::val<i32::val<1>, i32::val<0>, i32::val<-1>>;
      |                                         ^
main.cpp:351:41: note: constraints not satisfied
In file included from main.cpp:7:
lib.h: In substitution of ‘template<class Ring, char variable_name>  requires  IsRing<Ring> struct aerobus::polynomial [with Ring = aerobus::i32; char variable_name = 'x']’:
main.cpp:351:27:   required from here
lib.h:44:10:   required for the satisfaction of ‘IsRing<Ring>’ [with Ring = aerobus::i32]
lib.h:44:19:   in requirements with ‘R <anonymous>’ [with R = aerobus::i32]
lib.h:45:26: note: the required type ‘typename R::add_t’ is invalid
   45 |                 typename R::add_t;
      |                 ~~~~~~~~~^~~~~~~~~
main.cpp:353:41: error: template constraint failure for ‘template<class Ring, char variable_name>  requires  IsRing<Ring> struct aerobus::polynomial’
  353 |                 using B = polynomial<i32>::val<i32::val<1>, i32::val<-1>>;
      |                                         ^
main.cpp:353:41: note: constraints not satisfied
In file included from main.cpp:7:
lib.h: In substitution of ‘template<class Ring, char variable_name>  requires  IsRing<Ring> struct aerobus::polynomial [with Ring = aerobus::i32; char variable_name = 'x']’:
main.cpp:353:27:   required from here
lib.h:44:10:   required for the satisfaction of ‘IsRing<Ring>’ [with Ring = aerobus::i32]
lib.h:44:19:   in requirements with ‘R <anonymous>’ [with R = aerobus::i32]
lib.h:45:26: note: the required type ‘typename R::add_t’ is invalid
   45 |                 typename R::add_t;
      |                 ~~~~~~~~~^~~~~~~~~
main.cpp:355:41: error: template constraint failure for ‘template<class Ring, char variable_name>  requires  IsRing<Ring> struct aerobus::polynomial’
  355 |                 using Q = polynomial<i32>::div_t<A, B>;
      |                                         ^
main.cpp:355:41: note: constraints not satisfied
In file included from main.cpp:7:
lib.h: In substitution of ‘template<class Ring, char variable_name>  requires  IsRing<Ring> struct aerobus::polynomial [with Ring = aerobus::i32; char variable_name = 'x']’:
main.cpp:355:27:   required from here
lib.h:44:10:   required for the satisfaction of ‘IsRing<Ring>’ [with Ring = aerobus::i32]
lib.h:44:19:   in requirements with ‘R <anonymous>’ [with R = aerobus::i32]
lib.h:45:26: note: the required type ‘typename R::add_t’ is invalid
   45 |                 typename R::add_t;
      |                 ~~~~~~~~~^~~~~~~~~
main.cpp:355:44: error: ‘div_t’ is not a template
  355 |                 using Q = polynomial<i32>::div_t<A, B>;
      |                                            ^~~~~
main.cpp:355:50: error: ‘A’ was not declared in this scope
  355 |                 using Q = polynomial<i32>::div_t<A, B>;
      |                                                  ^
main.cpp:355:53: error: ‘B’ was not declared in this scope
  355 |                 using Q = polynomial<i32>::div_t<A, B>;
      |                                                     ^
main.cpp:356:41: error: template constraint failure for ‘template<class Ring, char variable_name>  requires  IsRing<Ring> struct aerobus::polynomial’
  356 |                 using R = polynomial<i32>::mod_t<A, B>;
      |                                         ^
main.cpp:356:41: note: constraints not satisfied
In file included from main.cpp:7:
lib.h: In substitution of ‘template<class Ring, char variable_name>  requires  IsRing<Ring> struct aerobus::polynomial [with Ring = aerobus::i32; char variable_name = 'x']’:
main.cpp:356:27:   required from here
lib.h:44:10:   required for the satisfaction of ‘IsRing<Ring>’ [with Ring = aerobus::i32]
lib.h:44:19:   in requirements with ‘R <anonymous>’ [with R = aerobus::i32]
lib.h:45:26: note: the required type ‘typename R::add_t’ is invalid
   45 |                 typename R::add_t;
      |                 ~~~~~~~~~^~~~~~~~~
main.cpp:357:22: error: ‘R’ has not been declared
  357 |                 if (!R::is_zero_t::value) {
      |                      ^
main.cpp:360:21: error: ‘Q’ has not been declared
  360 |                 if (Q::degree != 1) {
      |                     ^
main.cpp:363:21: error: ‘Q’ has not been declared
  363 |                 if (Q::coeff_at_t<0>::v != 1) {
      |                     ^
main.cpp:363:39: error: ‘::v’ has not been declared
  363 |                 if (Q::coeff_at_t<0>::v != 1) {
      |                                       ^
main.cpp:366:21: error: ‘Q’ has not been declared
  366 |                 if (Q::coeff_at_t<1>::v != 1) {
      |                     ^
main.cpp:366:39: error: ‘::v’ has not been declared
  366 |                 if (Q::coeff_at_t<1>::v != 1) {
      |                                       ^
main.cpp:372:41: error: template constraint failure for ‘template<class Ring, char variable_name>  requires  IsRing<Ring> struct aerobus::polynomial’
  372 |                 using A = polynomial<i32>::val<i32::val<2>, i32::val<2>, i32::val<2>>;
      |                                         ^
main.cpp:372:41: note: constraints not satisfied
In file included from main.cpp:7:
lib.h: In substitution of ‘template<class Ring, char variable_name>  requires  IsRing<Ring> struct aerobus::polynomial [with Ring = aerobus::i32; char variable_name = 'x']’:
main.cpp:372:27:   required from here
lib.h:44:10:   required for the satisfaction of ‘IsRing<Ring>’ [with Ring = aerobus::i32]
lib.h:44:19:   in requirements with ‘R <anonymous>’ [with R = aerobus::i32]
lib.h:45:26: note: the required type ‘typename R::add_t’ is invalid
   45 |                 typename R::add_t;
      |                 ~~~~~~~~~^~~~~~~~~
main.cpp:373:41: error: template constraint failure for ‘template<class Ring, char variable_name>  requires  IsRing<Ring> struct aerobus::polynomial’
  373 |                 using B = polynomial<i32>::val<i32::val<2>>;
      |                                         ^
main.cpp:373:41: note: constraints not satisfied
In file included from main.cpp:7:
lib.h: In substitution of ‘template<class Ring, char variable_name>  requires  IsRing<Ring> struct aerobus::polynomial [with Ring = aerobus::i32; char variable_name = 'x']’:
main.cpp:373:27:   required from here
lib.h:44:10:   required for the satisfaction of ‘IsRing<Ring>’ [with Ring = aerobus::i32]
lib.h:44:19:   in requirements with ‘R <anonymous>’ [with R = aerobus::i32]
lib.h:45:26: note: the required type ‘typename R::add_t’ is invalid
   45 |                 typename R::add_t;
      |                 ~~~~~~~~~^~~~~~~~~
main.cpp:374:41: error: template constraint failure for ‘template<class Ring, char variable_name>  requires  IsRing<Ring> struct aerobus::polynomial’
  374 |                 using C = polynomial<i32>::div_t<A, B>;
      |                                         ^
main.cpp:374:41: note: constraints not satisfied
In file included from main.cpp:7:
lib.h: In substitution of ‘template<class Ring, char variable_name>  requires  IsRing<Ring> struct aerobus::polynomial [with Ring = aerobus::i32; char variable_name = 'x']’:
main.cpp:374:27:   required from here
lib.h:44:10:   required for the satisfaction of ‘IsRing<Ring>’ [with Ring = aerobus::i32]
lib.h:44:19:   in requirements with ‘R <anonymous>’ [with R = aerobus::i32]
lib.h:45:26: note: the required type ‘typename R::add_t’ is invalid
   45 |                 typename R::add_t;
      |                 ~~~~~~~~~^~~~~~~~~
main.cpp:374:44: error: ‘div_t’ is not a template
  374 |                 using C = polynomial<i32>::div_t<A, B>;
      |                                            ^~~~~
main.cpp:374:50: error: ‘A’ was not declared in this scope
  374 |                 using C = polynomial<i32>::div_t<A, B>;
      |                                                  ^
main.cpp:374:53: error: ‘B’ was not declared in this scope
  374 |                 using C = polynomial<i32>::div_t<A, B>;
      |                                                     ^
main.cpp:375:41: error: template constraint failure for ‘template<class Ring, char variable_name>  requires  IsRing<Ring> struct aerobus::polynomial’
  375 |                 using R = polynomial<i32>::mod_t<A, B>;
      |                                         ^
main.cpp:375:41: note: constraints not satisfied
In file included from main.cpp:7:
lib.h: In substitution of ‘template<class Ring, char variable_name>  requires  IsRing<Ring> struct aerobus::polynomial [with Ring = aerobus::i32; char variable_name = 'x']’:
main.cpp:375:27:   required from here
lib.h:44:10:   required for the satisfaction of ‘IsRing<Ring>’ [with Ring = aerobus::i32]
lib.h:44:19:   in requirements with ‘R <anonymous>’ [with R = aerobus::i32]
lib.h:45:26: note: the required type ‘typename R::add_t’ is invalid
   45 |                 typename R::add_t;
      |                 ~~~~~~~~~^~~~~~~~~
main.cpp:376:22: error: ‘R’ has not been declared
  376 |                 if (!R::is_zero_t::value) {
      |                      ^
main.cpp:379:21: error: ‘C’ has not been declared
  379 |                 if (C::degree != 2) {
      |                     ^
main.cpp:382:21: error: ‘C’ has not been declared
  382 |                 if (C::coeff_at_t<0>::v != 1) {
      |                     ^
main.cpp:382:39: error: ‘::v’ has not been declared
  382 |                 if (C::coeff_at_t<0>::v != 1) {
      |                                       ^
main.cpp:385:21: error: ‘C’ has not been declared
  385 |                 if (C::coeff_at_t<1>::v != 1) {
      |                     ^
main.cpp:385:39: error: ‘::v’ has not been declared
  385 |                 if (C::coeff_at_t<1>::v != 1) {
      |                                       ^
main.cpp:388:21: error: ‘C’ has not been declared
  388 |                 if (C::coeff_at_t<2>::v != 1) {
      |                     ^
main.cpp:388:39: error: ‘::v’ has not been declared
  388 |                 if (C::coeff_at_t<2>::v != 1) {
      |                                       ^
main.cpp:394:41: error: template constraint failure for ‘template<class Ring, char variable_name>  requires  IsRing<Ring> struct aerobus::polynomial’
  394 |                 using A = polynomial<i32>::val<i32::val<1>, i32::val<1>, i32::val<1>>;
      |                                         ^
main.cpp:394:41: note: constraints not satisfied
In file included from main.cpp:7:
lib.h: In substitution of ‘template<class Ring, char variable_name>  requires  IsRing<Ring> struct aerobus::polynomial [with Ring = aerobus::i32; char variable_name = 'x']’:
main.cpp:394:27:   required from here
lib.h:44:10:   required for the satisfaction of ‘IsRing<Ring>’ [with Ring = aerobus::i32]
lib.h:44:19:   in requirements with ‘R <anonymous>’ [with R = aerobus::i32]
lib.h:45:26: note: the required type ‘typename R::add_t’ is invalid
   45 |                 typename R::add_t;
      |                 ~~~~~~~~~^~~~~~~~~
main.cpp:395:41: error: template constraint failure for ‘template<class Ring, char variable_name>  requires  IsRing<Ring> struct aerobus::polynomial’
  395 |                 using B = polynomial<i32>::val<i32::val<1>, i32::val<1>>;
      |                                         ^
main.cpp:395:41: note: constraints not satisfied
In file included from main.cpp:7:
lib.h: In substitution of ‘template<class Ring, char variable_name>  requires  IsRing<Ring> struct aerobus::polynomial [with Ring = aerobus::i32; char variable_name = 'x']’:
main.cpp:395:27:   required from here
lib.h:44:10:   required for the satisfaction of ‘IsRing<Ring>’ [with Ring = aerobus::i32]
lib.h:44:19:   in requirements with ‘R <anonymous>’ [with R = aerobus::i32]
lib.h:45:26: note: the required type ‘typename R::add_t’ is invalid
   45 |                 typename R::add_t;
      |                 ~~~~~~~~~^~~~~~~~~
main.cpp:396:41: error: template constraint failure for ‘template<class Ring, char variable_name>  requires  IsRing<Ring> struct aerobus::polynomial’
  396 |                 using C = polynomial<i32>::div_t<A, B>;
      |                                         ^
main.cpp:396:41: note: constraints not satisfied
In file included from main.cpp:7:
lib.h: In substitution of ‘template<class Ring, char variable_name>  requires  IsRing<Ring> struct aerobus::polynomial [with Ring = aerobus::i32; char variable_name = 'x']’:
main.cpp:396:27:   required from here
lib.h:44:10:   required for the satisfaction of ‘IsRing<Ring>’ [with Ring = aerobus::i32]
lib.h:44:19:   in requirements with ‘R <anonymous>’ [with R = aerobus::i32]
lib.h:45:26: note: the required type ‘typename R::add_t’ is invalid
   45 |                 typename R::add_t;
      |                 ~~~~~~~~~^~~~~~~~~
main.cpp:396:44: error: ‘div_t’ is not a template
  396 |                 using C = polynomial<i32>::div_t<A, B>;
      |                                            ^~~~~
main.cpp:396:50: error: ‘A’ was not declared in this scope
  396 |                 using C = polynomial<i32>::div_t<A, B>;
      |                                                  ^
main.cpp:396:53: error: ‘B’ was not declared in this scope
  396 |                 using C = polynomial<i32>::div_t<A, B>;
      |                                                     ^
main.cpp:397:41: error: template constraint failure for ‘template<class Ring, char variable_name>  requires  IsRing<Ring> struct aerobus::polynomial’
  397 |                 using R = polynomial<i32>::mod_t<A, B>;
      |                                         ^
main.cpp:397:41: note: constraints not satisfied
In file included from main.cpp:7:
lib.h: In substitution of ‘template<class Ring, char variable_name>  requires  IsRing<Ring> struct aerobus::polynomial [with Ring = aerobus::i32; char variable_name = 'x']’:
main.cpp:397:27:   required from here
lib.h:44:10:   required for the satisfaction of ‘IsRing<Ring>’ [with Ring = aerobus::i32]
lib.h:44:19:   in requirements with ‘R <anonymous>’ [with R = aerobus::i32]
lib.h:45:26: note: the required type ‘typename R::add_t’ is invalid
   45 |                 typename R::add_t;
      |                 ~~~~~~~~~^~~~~~~~~
main.cpp:398:21: error: ‘C’ has not been declared
  398 |                 if (C::degree != 1) {
      |                     ^
main.cpp:401:21: error: ‘C’ has not been declared
  401 |                 if (C::coeff_at_t<0>::v != 0) {
      |                     ^
main.cpp:401:39: error: ‘::v’ has not been declared
  401 |                 if (C::coeff_at_t<0>::v != 0) {
      |                                       ^
main.cpp:404:21: error: ‘C’ has not been declared
  404 |                 if (C::coeff_at_t<1>::v != 1) {
      |                     ^
main.cpp:404:39: error: ‘::v’ has not been declared
  404 |                 if (C::coeff_at_t<1>::v != 1) {
      |                                       ^
main.cpp:407:21: error: ‘R’ has not been declared
  407 |                 if (R::degree != 0) {
      |                     ^
main.cpp:410:21: error: ‘R’ has not been declared
  410 |                 if (R::aN::v != 1) {
      |                     ^
main.cpp:417:41: error: template constraint failure for ‘template<class Ring, char variable_name>  requires  IsRing<Ring> struct aerobus::polynomial’
  417 |                 using A = polynomial<Q32>::val<Q32::one, Q32::zero, Q32::val<i32::val<-1>, i32::val<1>>>;
      |                                         ^
main.cpp:417:41: note: constraints not satisfied
In file included from main.cpp:7:
lib.h: In substitution of ‘template<class Ring, char variable_name>  requires  IsRing<Ring> struct aerobus::polynomial [with Ring = aerobus::internal::_FractionField<aerobus::i32, void>; char variable_name = 'x']’:
main.cpp:417:27:   required from here
lib.h:44:10:   required for the satisfaction of ‘IsRing<Ring>’ [with Ring = aerobus::internal::_FractionField<aerobus::i32, void>]
lib.h:44:19:   in requirements with ‘R <anonymous>’ [with R = aerobus::internal::_FractionField<aerobus::i32, void>]
lib.h:45:26: note: the required type ‘typename R::add_t’ is invalid
   45 |                 typename R::add_t;
      |                 ~~~~~~~~~^~~~~~~~~
main.cpp:419:41: error: template constraint failure for ‘template<class Ring, char variable_name>  requires  IsRing<Ring> struct aerobus::polynomial’
  419 |                 using B = polynomial<Q32>::val<Q32::val<i32::val<2>, i32::one>, Q32::val<i32::val<2>, i32::one>>;
      |                                         ^
main.cpp:419:41: note: constraints not satisfied
In file included from main.cpp:7:
lib.h: In substitution of ‘template<class Ring, char variable_name>  requires  IsRing<Ring> struct aerobus::polynomial [with Ring = aerobus::internal::_FractionField<aerobus::i32, void>; char variable_name = 'x']’:
main.cpp:419:27:   required from here
lib.h:44:10:   required for the satisfaction of ‘IsRing<Ring>’ [with Ring = aerobus::internal::_FractionField<aerobus::i32, void>]
lib.h:44:19:   in requirements with ‘R <anonymous>’ [with R = aerobus::internal::_FractionField<aerobus::i32, void>]
lib.h:45:26: note: the required type ‘typename R::add_t’ is invalid
   45 |                 typename R::add_t;
      |                 ~~~~~~~~~^~~~~~~~~
main.cpp:420:41: error: template constraint failure for ‘template<class Ring, char variable_name>  requires  IsRing<Ring> struct aerobus::polynomial’
  420 |                 using Q = polynomial<Q32>::div_t<A, B>;
      |                                         ^
main.cpp:420:41: note: constraints not satisfied
In file included from main.cpp:7:
lib.h: In substitution of ‘template<class Ring, char variable_name>  requires  IsRing<Ring> struct aerobus::polynomial [with Ring = aerobus::internal::_FractionField<aerobus::i32, void>; char variable_name = 'x']’:
main.cpp:420:27:   required from here
lib.h:44:10:   required for the satisfaction of ‘IsRing<Ring>’ [with Ring = aerobus::internal::_FractionField<aerobus::i32, void>]
lib.h:44:19:   in requirements with ‘R <anonymous>’ [with R = aerobus::internal::_FractionField<aerobus::i32, void>]
lib.h:45:26: note: the required type ‘typename R::add_t’ is invalid
   45 |                 typename R::add_t;
      |                 ~~~~~~~~~^~~~~~~~~
main.cpp:420:44: error: ‘div_t’ is not a template
  420 |                 using Q = polynomial<Q32>::div_t<A, B>;
      |                                            ^~~~~
main.cpp:420:50: error: ‘A’ was not declared in this scope
  420 |                 using Q = polynomial<Q32>::div_t<A, B>;
      |                                                  ^
main.cpp:420:53: error: ‘B’ was not declared in this scope
  420 |                 using Q = polynomial<Q32>::div_t<A, B>;
      |                                                     ^
main.cpp:422:21: error: ‘Q’ has not been declared
  422 |                 if (Q::degree != 1) {
      |                     ^
main.cpp:425:21: error: ‘Q’ has not been declared
  425 |                 if (Q::coeff_at_t<0>::x::v != -1) {
      |                     ^
main.cpp:425:39: error: ‘::x’ has not been declared
  425 |                 if (Q::coeff_at_t<0>::x::v != -1) {
      |                                       ^
main.cpp:428:21: error: ‘Q’ has not been declared
  428 |                 if (Q::coeff_at_t<0>::y::v != 2) {
      |                     ^
main.cpp:428:39: error: ‘::y’ has not been declared
  428 |                 if (Q::coeff_at_t<0>::y::v != 2) {
      |                                       ^
main.cpp:431:21: error: ‘Q’ has not been declared
  431 |                 if (Q::coeff_at_t<1>::x::v != 1) {
      |                     ^
main.cpp:431:39: error: ‘::x’ has not been declared
  431 |                 if (Q::coeff_at_t<1>::x::v != 1) {
      |                                       ^
main.cpp:434:21: error: ‘Q’ has not been declared
  434 |                 if (Q::coeff_at_t<1>::y::v != 2) {
      |                     ^
main.cpp:434:39: error: ‘::y’ has not been declared
  434 |                 if (Q::coeff_at_t<1>::y::v != 2) {
      |                                       ^
main.cpp:441:41: error: template constraint failure for ‘template<class Ring, char variable_name>  requires  IsRing<Ring> struct aerobus::polynomial’
  441 |                 using A = polynomial<Q32>::val<Q32::one, Q32::one>;
      |                                         ^
main.cpp:441:41: note: constraints not satisfied
In file included from main.cpp:7:
lib.h: In substitution of ‘template<class Ring, char variable_name>  requires  IsRing<Ring> struct aerobus::polynomial [with Ring = aerobus::internal::_FractionField<aerobus::i32, void>; char variable_name = 'x']’:
main.cpp:441:27:   required from here
lib.h:44:10:   required for the satisfaction of ‘IsRing<Ring>’ [with Ring = aerobus::internal::_FractionField<aerobus::i32, void>]
lib.h:44:19:   in requirements with ‘R <anonymous>’ [with R = aerobus::internal::_FractionField<aerobus::i32, void>]
lib.h:45:26: note: the required type ‘typename R::add_t’ is invalid
   45 |                 typename R::add_t;
      |                 ~~~~~~~~~^~~~~~~~~
main.cpp:443:41: error: template constraint failure for ‘template<class Ring, char variable_name>  requires  IsRing<Ring> struct aerobus::polynomial’
  443 |                 using B = polynomial<Q32>::val<Q32::val<i32::val<2>, i32::one>, Q32::val<i32::val<2>, i32::one>>;
      |                                         ^
main.cpp:443:41: note: constraints not satisfied
In file included from main.cpp:7:
lib.h: In substitution of ‘template<class Ring, char variable_name>  requires  IsRing<Ring> struct aerobus::polynomial [with Ring = aerobus::internal::_FractionField<aerobus::i32, void>; char variable_name = 'x']’:
main.cpp:443:27:   required from here
lib.h:44:10:   required for the satisfaction of ‘IsRing<Ring>’ [with Ring = aerobus::internal::_FractionField<aerobus::i32, void>]
lib.h:44:19:   in requirements with ‘R <anonymous>’ [with R = aerobus::internal::_FractionField<aerobus::i32, void>]
lib.h:45:26: note: the required type ‘typename R::add_t’ is invalid
   45 |                 typename R::add_t;
      |                 ~~~~~~~~~^~~~~~~~~
main.cpp:444:41: error: template constraint failure for ‘template<class Ring, char variable_name>  requires  IsRing<Ring> struct aerobus::polynomial’
  444 |                 using Q = polynomial<Q32>::div_t<A, B>;
      |                                         ^
main.cpp:444:41: note: constraints not satisfied
In file included from main.cpp:7:
lib.h: In substitution of ‘template<class Ring, char variable_name>  requires  IsRing<Ring> struct aerobus::polynomial [with Ring = aerobus::internal::_FractionField<aerobus::i32, void>; char variable_name = 'x']’:
main.cpp:444:27:   required from here
lib.h:44:10:   required for the satisfaction of ‘IsRing<Ring>’ [with Ring = aerobus::internal::_FractionField<aerobus::i32, void>]
lib.h:44:19:   in requirements with ‘R <anonymous>’ [with R = aerobus::internal::_FractionField<aerobus::i32, void>]
lib.h:45:26: note: the required type ‘typename R::add_t’ is invalid
   45 |                 typename R::add_t;
      |                 ~~~~~~~~~^~~~~~~~~
main.cpp:444:44: error: ‘div_t’ is not a template
  444 |                 using Q = polynomial<Q32>::div_t<A, B>;
      |                                            ^~~~~
main.cpp:444:50: error: ‘A’ was not declared in this scope
  444 |                 using Q = polynomial<Q32>::div_t<A, B>;
      |                                                  ^
main.cpp:444:53: error: ‘B’ was not declared in this scope
  444 |                 using Q = polynomial<Q32>::div_t<A, B>;
      |                                                     ^
main.cpp:445:21: error: ‘Q’ has not been declared
  445 |                 if (Q::degree != 0) {
      |                     ^
main.cpp:448:21: error: ‘Q’ has not been declared
  448 |                 if (Q::coeff_at_t<0>::x::v != 1) {
      |                     ^
main.cpp:448:39: error: ‘::x’ has not been declared
  448 |                 if (Q::coeff_at_t<0>::x::v != 1) {
      |                                       ^
main.cpp:451:21: error: ‘Q’ has not been declared
  451 |                 if (Q::coeff_at_t<0>::y::v != 2) {
      |                     ^
main.cpp:451:39: error: ‘::y’ has not been declared
  451 |                 if (Q::coeff_at_t<0>::y::v != 2) {
      |                                       ^
main.cpp: In function ‘int test_poly_gcd()’:
main.cpp:461:41: error: template constraint failure for ‘template<class Ring, char variable_name>  requires  IsRing<Ring> struct aerobus::polynomial’
  461 |                 using A = polynomial<Q32>::val<Q32::one, Q32::val<i32::val<2>, i32::val<1>>, Q32::one>;
      |                                         ^
main.cpp:461:41: note: constraints not satisfied
In file included from main.cpp:7:
lib.h: In substitution of ‘template<class Ring, char variable_name>  requires  IsRing<Ring> struct aerobus::polynomial [with Ring = aerobus::internal::_FractionField<aerobus::i32, void>; char variable_name = 'x']’:
main.cpp:461:27:   required from here
lib.h:44:10:   required for the satisfaction of ‘IsRing<Ring>’ [with Ring = aerobus::internal::_FractionField<aerobus::i32, void>]
lib.h:44:19:   in requirements with ‘R <anonymous>’ [with R = aerobus::internal::_FractionField<aerobus::i32, void>]
lib.h:45:26: note: the required type ‘typename R::add_t’ is invalid
   45 |                 typename R::add_t;
      |                 ~~~~~~~~~^~~~~~~~~
main.cpp:463:41: error: template constraint failure for ‘template<class Ring, char variable_name>  requires  IsRing<Ring> struct aerobus::polynomial’
  463 |                 using B = polynomial<Q32>::val<Q32::one, Q32::one>;
      |                                         ^
main.cpp:463:41: note: constraints not satisfied
In file included from main.cpp:7:
lib.h: In substitution of ‘template<class Ring, char variable_name>  requires  IsRing<Ring> struct aerobus::polynomial [with Ring = aerobus::internal::_FractionField<aerobus::i32, void>; char variable_name = 'x']’:
main.cpp:463:27:   required from here
lib.h:44:10:   required for the satisfaction of ‘IsRing<Ring>’ [with Ring = aerobus::internal::_FractionField<aerobus::i32, void>]
lib.h:44:19:   in requirements with ‘R <anonymous>’ [with R = aerobus::internal::_FractionField<aerobus::i32, void>]
lib.h:45:26: note: the required type ‘typename R::add_t’ is invalid
   45 |                 typename R::add_t;
      |                 ~~~~~~~~~^~~~~~~~~
main.cpp:464:52: error: template constraint failure for ‘template<class Ring, char variable_name>  requires  IsRing<Ring> struct aerobus::polynomial’
  464 |                 using G = internal::gcd<polynomial<Q32>>::type<A, B>;
      |                                                    ^~~
main.cpp:464:52: note: constraints not satisfied
In file included from main.cpp:7:
lib.h: In substitution of ‘template<class Ring, char variable_name>  requires  IsRing<Ring> struct aerobus::polynomial [with Ring = aerobus::internal::_FractionField<aerobus::i32, void>; char variable_name = 'x']’:
main.cpp:464:38:   required from here
lib.h:44:10:   required for the satisfaction of ‘IsRing<Ring>’ [with Ring = aerobus::internal::_FractionField<aerobus::i32, void>]
lib.h:44:19:   in requirements with ‘R <anonymous>’ [with R = aerobus::internal::_FractionField<aerobus::i32, void>]
lib.h:45:26: note: the required type ‘typename R::add_t’ is invalid
   45 |                 typename R::add_t;
      |                 ~~~~~~~~~^~~~~~~~~
main.cpp:464:55: error: template argument 1 is invalid
  464 |                 using G = internal::gcd<polynomial<Q32>>::type<A, B>;
      |                                                       ^~
main.cpp:464:64: error: ‘A’ was not declared in this scope
  464 |                 using G = internal::gcd<polynomial<Q32>>::type<A, B>;
      |                                                                ^
main.cpp:464:67: error: ‘B’ was not declared in this scope
  464 |                 using G = internal::gcd<polynomial<Q32>>::type<A, B>;
      |                                                                   ^
main.cpp:465:21: error: ‘G’ has not been declared
  465 |                 if (G::degree != 1) {
      |                     ^
main.cpp:468:21: error: ‘G’ has not been declared
  468 |                 if (G::coeff_at_t<0>::x::v != 1 || G::coeff_at_t<0>::y::v != 1) {
      |                     ^
main.cpp:468:39: error: ‘::x’ has not been declared
  468 |                 if (G::coeff_at_t<0>::x::v != 1 || G::coeff_at_t<0>::y::v != 1) {
      |                                       ^
main.cpp:468:52: error: ‘G’ has not been declared
  468 |                 if (G::coeff_at_t<0>::x::v != 1 || G::coeff_at_t<0>::y::v != 1) {
      |                                                    ^
main.cpp:468:70: error: ‘::y’ has not been declared
  468 |                 if (G::coeff_at_t<0>::x::v != 1 || G::coeff_at_t<0>::y::v != 1) {
      |                                                                      ^
main.cpp:471:21: error: ‘G’ has not been declared
  471 |                 if (G::coeff_at_t<1>::x::v != 1 || G::coeff_at_t<1>::y::v != 1) {
      |                     ^
main.cpp:471:39: error: ‘::x’ has not been declared
  471 |                 if (G::coeff_at_t<1>::x::v != 1 || G::coeff_at_t<1>::y::v != 1) {
      |                                       ^
main.cpp:471:52: error: ‘G’ has not been declared
  471 |                 if (G::coeff_at_t<1>::x::v != 1 || G::coeff_at_t<1>::y::v != 1) {
      |                                                    ^
main.cpp:471:70: error: ‘::y’ has not been declared
  471 |                 if (G::coeff_at_t<1>::x::v != 1 || G::coeff_at_t<1>::y::v != 1) {
      |                                                                      ^
main.cpp:477:41: error: template constraint failure for ‘template<class Ring, char variable_name>  requires  IsRing<Ring> struct aerobus::polynomial’
  477 |                 using A = polynomial<Q32>::val<Q32::one, Q32::val<i32::val<2>, i32::val<1>>, Q32::one>;
      |                                         ^
main.cpp:477:41: note: constraints not satisfied
In file included from main.cpp:7:
lib.h: In substitution of ‘template<class Ring, char variable_name>  requires  IsRing<Ring> struct aerobus::polynomial [with Ring = aerobus::internal::_FractionField<aerobus::i32, void>; char variable_name = 'x']’:
main.cpp:477:27:   required from here
lib.h:44:10:   required for the satisfaction of ‘IsRing<Ring>’ [with Ring = aerobus::internal::_FractionField<aerobus::i32, void>]
lib.h:44:19:   in requirements with ‘R <anonymous>’ [with R = aerobus::internal::_FractionField<aerobus::i32, void>]
lib.h:45:26: note: the required type ‘typename R::add_t’ is invalid
   45 |                 typename R::add_t;
      |                 ~~~~~~~~~^~~~~~~~~
main.cpp:479:41: error: template constraint failure for ‘template<class Ring, char variable_name>  requires  IsRing<Ring> struct aerobus::polynomial’
  479 |                 using B = polynomial<Q32>::val<Q32::one, Q32::zero, Q32::val<i32::val<-1>, i32::val<1>>>;
      |                                         ^
main.cpp:479:41: note: constraints not satisfied
In file included from main.cpp:7:
lib.h: In substitution of ‘template<class Ring, char variable_name>  requires  IsRing<Ring> struct aerobus::polynomial [with Ring = aerobus::internal::_FractionField<aerobus::i32, void>; char variable_name = 'x']’:
main.cpp:479:27:   required from here
lib.h:44:10:   required for the satisfaction of ‘IsRing<Ring>’ [with Ring = aerobus::internal::_FractionField<aerobus::i32, void>]
lib.h:44:19:   in requirements with ‘R <anonymous>’ [with R = aerobus::internal::_FractionField<aerobus::i32, void>]
lib.h:45:26: note: the required type ‘typename R::add_t’ is invalid
   45 |                 typename R::add_t;
      |                 ~~~~~~~~~^~~~~~~~~
main.cpp:481:41: error: template constraint failure for ‘template<class Ring, char variable_name>  requires  IsRing<Ring> struct aerobus::polynomial’
  481 |                 using G = polynomial<Q32>::gcd_t<A, B>;
      |                                         ^
main.cpp:481:41: note: constraints not satisfied
In file included from main.cpp:7:
lib.h: In substitution of ‘template<class Ring, char variable_name>  requires  IsRing<Ring> struct aerobus::polynomial [with Ring = aerobus::internal::_FractionField<aerobus::i32, void>; char variable_name = 'x']’:
main.cpp:481:27:   required from here
lib.h:44:10:   required for the satisfaction of ‘IsRing<Ring>’ [with Ring = aerobus::internal::_FractionField<aerobus::i32, void>]
lib.h:44:19:   in requirements with ‘R <anonymous>’ [with R = aerobus::internal::_FractionField<aerobus::i32, void>]
lib.h:45:26: note: the required type ‘typename R::add_t’ is invalid
   45 |                 typename R::add_t;
      |                 ~~~~~~~~~^~~~~~~~~
main.cpp:481:50: error: ‘A’ was not declared in this scope
  481 |                 using G = polynomial<Q32>::gcd_t<A, B>;
      |                                                  ^
main.cpp:481:53: error: ‘B’ was not declared in this scope
  481 |                 using G = polynomial<Q32>::gcd_t<A, B>;
      |                                                     ^
main.cpp:482:21: error: ‘G’ has not been declared
  482 |                 if (G::degree != 1) {
      |                     ^
main.cpp:485:21: error: ‘G’ has not been declared
  485 |                 if (G::coeff_at_t<0>::x::v != 1 || G::coeff_at_t<0>::y::v != 1) {
      |                     ^
main.cpp:485:39: error: ‘::x’ has not been declared
  485 |                 if (G::coeff_at_t<0>::x::v != 1 || G::coeff_at_t<0>::y::v != 1) {
      |                                       ^
main.cpp:485:52: error: ‘G’ has not been declared
  485 |                 if (G::coeff_at_t<0>::x::v != 1 || G::coeff_at_t<0>::y::v != 1) {
      |                                                    ^
main.cpp:485:70: error: ‘::y’ has not been declared
  485 |                 if (G::coeff_at_t<0>::x::v != 1 || G::coeff_at_t<0>::y::v != 1) {
      |                                                                      ^
main.cpp:488:21: error: ‘G’ has not been declared
  488 |                 if (G::coeff_at_t<1>::x::v != 1 || G::coeff_at_t<1>::y::v != 1) {
      |                     ^
main.cpp:488:39: error: ‘::x’ has not been declared
  488 |                 if (G::coeff_at_t<1>::x::v != 1 || G::coeff_at_t<1>::y::v != 1) {
      |                                       ^
main.cpp:488:52: error: ‘G’ has not been declared
  488 |                 if (G::coeff_at_t<1>::x::v != 1 || G::coeff_at_t<1>::y::v != 1) {
      |                                                    ^
main.cpp:488:70: error: ‘::y’ has not been declared
  488 |                 if (G::coeff_at_t<1>::x::v != 1 || G::coeff_at_t<1>::y::v != 1) {
      |                                                                      ^
main.cpp: In function ‘int test_poly_to_string()’:
main.cpp:497:35: error: template constraint failure for ‘template<class Ring, char variable_name>  requires  IsRing<Ring> struct aerobus::polynomial’
  497 |         using P32 = polynomial<Q32>;
      |                                   ^
main.cpp:497:35: note: constraints not satisfied
In file included from main.cpp:7:
lib.h: In substitution of ‘template<class Ring, char variable_name>  requires  IsRing<Ring> struct aerobus::polynomial [with Ring = aerobus::internal::_FractionField<aerobus::i32, void>; char variable_name = 'x']’:
main.cpp:497:28:   required from here
lib.h:44:10:   required for the satisfaction of ‘IsRing<Ring>’ [with Ring = aerobus::internal::_FractionField<aerobus::i32, void>]
lib.h:44:19:   in requirements with ‘R <anonymous>’ [with R = aerobus::internal::_FractionField<aerobus::i32, void>]
lib.h:45:26: note: the required type ‘typename R::add_t’ is invalid
   45 |                 typename R::add_t;
      |                 ~~~~~~~~~^~~~~~~~~
main.cpp:498:19: error: ‘FPQ32’ does not name a type
  498 |         using A = FPQ32::val<P32::val<Q32::one, Q32::one>, P32::val<Q32::val<i32::val<2>, i32::val<1>>, Q32::one>>;
      |                   ^~~~~
main.cpp:499:20: error: ‘A’ has not been declared
  499 |         auto rep = A::to_string();
      |                    ^
In file included from main.cpp:7:
lib.h: In instantiation of ‘struct aerobus::internal::make_taylor_impl<aerobus::i32, aerobus::internal::exp_coeff, std::integer_sequence<long unsigned int, 12, 11, 10, 9, 8, 7, 6, 5, 4, 3, 2, 1, 0> >’:
lib.h:1557:8:   required by substitution of ‘template<class T, template<class, long unsigned int index> class coeff_at, long unsigned int deg> using taylor = typename aerobus::internal::make_taylor_impl<T, coeff_at, decltype (aerobus::internal::index_sequence_reverse(std::make_integer_sequence<long unsigned int, (deg + 1)>{}))>::type [with T = aerobus::i32; coeff_at = aerobus::internal::exp_coeff; long unsigned int deg = 12]’
lib.h:1820:8:   required by substitution of ‘template<class T, long unsigned int deg> using exp = aerobus::taylor<T, aerobus::internal::exp_coeff, deg> [with T = aerobus::i32; long unsigned int deg = 12]’
main.cpp:864:32:   required from here
lib.h:1551:31: error: template constraint failure for ‘template<class Ring, char variable_name>  requires  IsRing<Ring> struct aerobus::polynomial’
 1551 |                         using type = typename polynomial<FractionField<T>>::template val<typename coeff_at<T, Is>::type...>;
      |                               ^~~~
lib.h:1551:31: note: constraints not satisfied
In file included from main.cpp:7:
lib.h: In substitution of ‘template<class Ring, char variable_name>  requires  IsRing<Ring> struct aerobus::polynomial [with Ring = aerobus::internal::_FractionField<aerobus::i32, void>; char variable_name = 'x']’:
lib.h:1551:10:   required from ‘struct aerobus::internal::make_taylor_impl<aerobus::i32, aerobus::internal::exp_coeff, std::integer_sequence<long unsigned int, 12, 11, 10, 9, 8, 7, 6, 5, 4, 3, 2, 1, 0> >’
lib.h:1557:8:   required by substitution of ‘template<class T, template<class, long unsigned int index> class coeff_at, long unsigned int deg> using taylor = typename aerobus::internal::make_taylor_impl<T, coeff_at, decltype (aerobus::internal::index_sequence_reverse(std::make_integer_sequence<long unsigned int, (deg + 1)>{}))>::type [with T = aerobus::i32; coeff_at = aerobus::internal::exp_coeff; long unsigned int deg = 12]’
lib.h:1820:8:   required by substitution of ‘template<class T, long unsigned int deg> using exp = aerobus::taylor<T, aerobus::internal::exp_coeff, deg> [with T = aerobus::i32; long unsigned int deg = 12]’
main.cpp:864:32:   required from here
lib.h:44:10:   required for the satisfaction of ‘IsRing<Ring>’ [with Ring = aerobus::internal::_FractionField<aerobus::i32, void>]
lib.h:44:19:   in requirements with ‘R <anonymous>’ [with R = aerobus::internal::_FractionField<aerobus::i32, void>]
lib.h:45:26: note: the required type ‘typename R::add_t’ is invalid
   45 |                 typename R::add_t;
      |                 ~~~~~~~~~^~~~~~~~~
main.cpp: In function ‘int test_exp()’:
main.cpp:864:28: error: ‘<expression error>’ in namespace ‘aerobus’ does not name a type
  864 |         using E = aerobus::exp<i32, 12>;
      |                            ^~~~~~~~~~~~
main.cpp:865:30: error: ‘E’ has not been declared
  865 |         constexpr float e0 = E::eval(0.0F);
      |                              ^
main.cpp:866:31: error: ‘E’ has not been declared
  866 |         constexpr float e01 = E::eval(0.1F);
      |                               ^
make: *** [Makefile:5: build] Error 1
